2023-05-17T00:01:25.355+05:30  INFO 22104 --- [AsyncResolver-bootstrap-executor-0] c.n.d.s.r.aws.ConfigClusterResolver      : Resolving eureka endpoints via configuration
2023-05-17T00:06:25.444+05:30  INFO 22104 --- [AsyncResolver-bootstrap-executor-0] c.n.d.s.r.aws.ConfigClusterResolver      : Resolving eureka endpoints via configuration
2023-05-17T00:11:25.513+05:30  INFO 22104 --- [AsyncResolver-bootstrap-executor-0] c.n.d.s.r.aws.ConfigClusterResolver      : Resolving eureka endpoints via configuration
2023-05-17T00:16:25.545+05:30  INFO 22104 --- [AsyncResolver-bootstrap-executor-0] c.n.d.s.r.aws.ConfigClusterResolver      : Resolving eureka endpoints via configuration
2023-05-17T00:21:25.577+05:30  INFO 22104 --- [AsyncResolver-bootstrap-executor-0] c.n.d.s.r.aws.ConfigClusterResolver      : Resolving eureka endpoints via configuration
2023-05-17T00:22:18.845+05:30  INFO 22104 --- [File Watcher] rtingClassPathChangeChangedEventListener : Restarting due to 1 class path change (0 additions, 0 deletions, 1 modification)
2023-05-17T00:22:18.997+05:30  INFO 22104 --- [Thread-7] o.s.c.n.e.s.EurekaServiceRegistry        : Unregistering application PRODUCT-SERVICE with eureka with status DOWN
2023-05-17T00:22:19.006+05:30  INFO 22104 --- [Thread-7] com.netflix.discovery.DiscoveryClient    : Saw local status change event StatusChangeEvent [timestamp=1684263139006, current=DOWN, previous=UP]
2023-05-17T00:22:19.010+05:30  INFO 22104 --- [DiscoveryClient-InstanceInfoReplicator-0] com.netflix.discovery.DiscoveryClient    : DiscoveryClient_PRODUCT-SERVICE/192.168.1.7:PRODUCT-SERVICE:8083: registering service...
2023-05-17T00:22:19.093+05:30  INFO 22104 --- [DiscoveryClient-InstanceInfoReplicator-0] com.netflix.discovery.DiscoveryClient    : DiscoveryClient_PRODUCT-SERVICE/192.168.1.7:PRODUCT-SERVICE:8083 - registration status: 204
2023-05-17T00:22:19.444+05:30  INFO 22104 --- [Thread-7] o.apache.catalina.core.StandardService   : Stopping service [Tomcat]
2023-05-17T00:22:19.470+05:30  INFO 22104 --- [Thread-7] o.a.c.c.C.[Tomcat].[localhost].[/]       : Destroying Spring FrameworkServlet 'dispatcherServlet'
2023-05-17T00:22:19.681+05:30  INFO 22104 --- [Thread-7] j.LocalContainerEntityManagerFactoryBean : Closing JPA EntityManagerFactory for persistence unit 'default'
2023-05-17T00:22:19.793+05:30  INFO 22104 --- [Thread-7] com.zaxxer.hikari.HikariDataSource       : product - Shutdown initiated...
2023-05-17T00:22:19.839+05:30  INFO 22104 --- [Thread-7] com.zaxxer.hikari.HikariDataSource       : product - Shutdown completed.
2023-05-17T00:22:19.845+05:30  INFO 22104 --- [Thread-7] com.netflix.discovery.DiscoveryClient    : Shutting down DiscoveryClient ...
2023-05-17T00:22:22.854+05:30  INFO 22104 --- [Thread-7] com.netflix.discovery.DiscoveryClient    : Unregistering ...
2023-05-17T00:22:22.872+05:30  INFO 22104 --- [Thread-7] com.netflix.discovery.DiscoveryClient    : DiscoveryClient_PRODUCT-SERVICE/192.168.1.7:PRODUCT-SERVICE:8083 - deregister  status: 200
2023-05-17T00:22:22.907+05:30  INFO 22104 --- [Thread-7] com.netflix.discovery.DiscoveryClient    : Completed shut down of DiscoveryClient
2023-05-17T00:22:23.768+05:30 ERROR 22104 --- [restartedMain] o.s.boot.SpringApplication               : Application run failed

java.lang.IllegalStateException: Unable to load config data from 'configserver:http://localhost:8085'
	at org.springframework.boot.context.config.StandardConfigDataLocationResolver.getReferences(StandardConfigDataLocationResolver.java:143) ~[spring-boot-3.0.6.jar:3.0.6]
	at org.springframework.boot.context.config.StandardConfigDataLocationResolver.getReferences(StandardConfigDataLocationResolver.java:128) ~[spring-boot-3.0.6.jar:3.0.6]
	at org.springframework.boot.context.config.StandardConfigDataLocationResolver.resolve(StandardConfigDataLocationResolver.java:121) ~[spring-boot-3.0.6.jar:3.0.6]
	at org.springframework.boot.context.config.ConfigDataLocationResolvers.lambda$resolve$1(ConfigDataLocationResolvers.java:102) ~[spring-boot-3.0.6.jar:3.0.6]
	at org.springframework.boot.context.config.ConfigDataLocationResolvers.resolve(ConfigDataLocationResolvers.java:113) ~[spring-boot-3.0.6.jar:3.0.6]
	at org.springframework.boot.context.config.ConfigDataLocationResolvers.resolve(ConfigDataLocationResolvers.java:102) ~[spring-boot-3.0.6.jar:3.0.6]
	at org.springframework.boot.context.config.ConfigDataLocationResolvers.resolve(ConfigDataLocationResolvers.java:94) ~[spring-boot-3.0.6.jar:3.0.6]
	at org.springframework.boot.context.config.ConfigDataImporter.resolve(ConfigDataImporter.java:106) ~[spring-boot-3.0.6.jar:3.0.6]
	at org.springframework.boot.context.config.ConfigDataImporter.resolve(ConfigDataImporter.java:98) ~[spring-boot-3.0.6.jar:3.0.6]
	at org.springframework.boot.context.config.ConfigDataImporter.resolveAndLoad(ConfigDataImporter.java:86) ~[spring-boot-3.0.6.jar:3.0.6]
	at org.springframework.boot.context.config.ConfigDataEnvironmentContributors.withProcessedImports(ConfigDataEnvironmentContributors.java:115) ~[spring-boot-3.0.6.jar:3.0.6]
	at org.springframework.boot.context.config.ConfigDataEnvironment.processInitial(ConfigDataEnvironment.java:242) ~[spring-boot-3.0.6.jar:3.0.6]
	at org.springframework.boot.context.config.ConfigDataEnvironment.processAndApply(ConfigDataEnvironment.java:229) ~[spring-boot-3.0.6.jar:3.0.6]
	at org.springframework.boot.context.config.ConfigDataEnvironmentPostProcessor.postProcessEnvironment(ConfigDataEnvironmentPostProcessor.java:96) ~[spring-boot-3.0.6.jar:3.0.6]
	at org.springframework.boot.context.config.ConfigDataEnvironmentPostProcessor.postProcessEnvironment(ConfigDataEnvironmentPostProcessor.java:89) ~[spring-boot-3.0.6.jar:3.0.6]
	at org.springframework.boot.env.EnvironmentPostProcessorApplicationListener.onApplicationEnvironmentPreparedEvent(EnvironmentPostProcessorApplicationListener.java:109) ~[spring-boot-3.0.6.jar:3.0.6]
	at org.springframework.boot.env.EnvironmentPostProcessorApplicationListener.onApplicationEvent(EnvironmentPostProcessorApplicationListener.java:94) ~[spring-boot-3.0.6.jar:3.0.6]
	at org.springframework.context.event.SimpleApplicationEventMulticaster.doInvokeListener(SimpleApplicationEventMulticaster.java:176) ~[spring-context-6.0.8.jar:6.0.8]
	at org.springframework.context.event.SimpleApplicationEventMulticaster.invokeListener(SimpleApplicationEventMulticaster.java:169) ~[spring-context-6.0.8.jar:6.0.8]
	at org.springframework.context.event.SimpleApplicationEventMulticaster.multicastEvent(SimpleApplicationEventMulticaster.java:143) ~[spring-context-6.0.8.jar:6.0.8]
	at org.springframework.context.event.SimpleApplicationEventMulticaster.multicastEvent(SimpleApplicationEventMulticaster.java:131) ~[spring-context-6.0.8.jar:6.0.8]
	at org.springframework.boot.context.event.EventPublishingRunListener.multicastInitialEvent(EventPublishingRunListener.java:136) ~[spring-boot-3.0.6.jar:3.0.6]
	at org.springframework.boot.context.event.EventPublishingRunListener.environmentPrepared(EventPublishingRunListener.java:81) ~[spring-boot-3.0.6.jar:3.0.6]
	at org.springframework.boot.SpringApplicationRunListeners.lambda$environmentPrepared$2(SpringApplicationRunListeners.java:64) ~[spring-boot-3.0.6.jar:3.0.6]
	at java.base/java.lang.Iterable.forEach(Unknown Source) ~[na:na]
	at org.springframework.boot.SpringApplicationRunListeners.doWithListeners(SpringApplicationRunListeners.java:118) ~[spring-boot-3.0.6.jar:3.0.6]
	at org.springframework.boot.SpringApplicationRunListeners.doWithListeners(SpringApplicationRunListeners.java:112) ~[spring-boot-3.0.6.jar:3.0.6]
	at org.springframework.boot.SpringApplicationRunListeners.environmentPrepared(SpringApplicationRunListeners.java:63) ~[spring-boot-3.0.6.jar:3.0.6]
	at org.springframework.boot.SpringApplication.prepareEnvironment(SpringApplication.java:354) ~[spring-boot-3.0.6.jar:3.0.6]
	at org.springframework.boot.SpringApplication.run(SpringApplication.java:305) ~[spring-boot-3.0.6.jar:3.0.6]
	at org.springframework.boot.SpringApplication.run(SpringApplication.java:1304) ~[spring-boot-3.0.6.jar:3.0.6]
	at org.springframework.boot.SpringApplication.run(SpringApplication.java:1293) ~[spring-boot-3.0.6.jar:3.0.6]
	at com.example.SpringBootAdminClientService.SpringBootAdminClientServiceApplication.main(SpringBootAdminClientServiceApplication.java:13) ~[classes/:na]
	at java.base/jdk.internal.reflect.NativeMethodAccessorImpl.invoke0(Native Method) ~[na:na]
	at java.base/jdk.internal.reflect.NativeMethodAccessorImpl.invoke(Unknown Source) ~[na:na]
	at java.base/jdk.internal.reflect.DelegatingMethodAccessorImpl.invoke(Unknown Source) ~[na:na]
	at java.base/java.lang.reflect.Method.invoke(Unknown Source) ~[na:na]
	at org.springframework.boot.devtools.restart.RestartLauncher.run(RestartLauncher.java:49) ~[spring-boot-devtools-3.0.6.jar:3.0.6]
Caused by: java.lang.IllegalStateException: File extension is not known to any PropertySourceLoader. If the location is meant to reference a directory, it must end in '/' or File.separator
	at org.springframework.boot.context.config.StandardConfigDataLocationResolver.getReferencesForFile(StandardConfigDataLocationResolver.java:231) ~[spring-boot-3.0.6.jar:3.0.6]
	at org.springframework.boot.context.config.StandardConfigDataLocationResolver.getReferences(StandardConfigDataLocationResolver.java:140) ~[spring-boot-3.0.6.jar:3.0.6]
	... 37 common frames omitted

2023-05-17T00:22:25.917+05:30 ERROR 22104 --- [restartedMain] o.s.boot.SpringApplication               : Application run failed

java.lang.IllegalStateException: Unable to load config data from 'configserver:http://localhost:8085'
	at org.springframework.boot.context.config.StandardConfigDataLocationResolver.getReferences(StandardConfigDataLocationResolver.java:143) ~[spring-boot-3.0.6.jar:3.0.6]
	at org.springframework.boot.context.config.StandardConfigDataLocationResolver.getReferences(StandardConfigDataLocationResolver.java:128) ~[spring-boot-3.0.6.jar:3.0.6]
	at org.springframework.boot.context.config.StandardConfigDataLocationResolver.resolve(StandardConfigDataLocationResolver.java:121) ~[spring-boot-3.0.6.jar:3.0.6]
	at org.springframework.boot.context.config.ConfigDataLocationResolvers.lambda$resolve$1(ConfigDataLocationResolvers.java:102) ~[spring-boot-3.0.6.jar:3.0.6]
	at org.springframework.boot.context.config.ConfigDataLocationResolvers.resolve(ConfigDataLocationResolvers.java:113) ~[spring-boot-3.0.6.jar:3.0.6]
	at org.springframework.boot.context.config.ConfigDataLocationResolvers.resolve(ConfigDataLocationResolvers.java:102) ~[spring-boot-3.0.6.jar:3.0.6]
	at org.springframework.boot.context.config.ConfigDataLocationResolvers.resolve(ConfigDataLocationResolvers.java:94) ~[spring-boot-3.0.6.jar:3.0.6]
	at org.springframework.boot.context.config.ConfigDataImporter.resolve(ConfigDataImporter.java:106) ~[spring-boot-3.0.6.jar:3.0.6]
	at org.springframework.boot.context.config.ConfigDataImporter.resolve(ConfigDataImporter.java:98) ~[spring-boot-3.0.6.jar:3.0.6]
	at org.springframework.boot.context.config.ConfigDataImporter.resolveAndLoad(ConfigDataImporter.java:86) ~[spring-boot-3.0.6.jar:3.0.6]
	at org.springframework.boot.context.config.ConfigDataEnvironmentContributors.withProcessedImports(ConfigDataEnvironmentContributors.java:115) ~[spring-boot-3.0.6.jar:3.0.6]
	at org.springframework.boot.context.config.ConfigDataEnvironment.processInitial(ConfigDataEnvironment.java:242) ~[spring-boot-3.0.6.jar:3.0.6]
	at org.springframework.boot.context.config.ConfigDataEnvironment.processAndApply(ConfigDataEnvironment.java:229) ~[spring-boot-3.0.6.jar:3.0.6]
	at org.springframework.boot.context.config.ConfigDataEnvironmentPostProcessor.postProcessEnvironment(ConfigDataEnvironmentPostProcessor.java:96) ~[spring-boot-3.0.6.jar:3.0.6]
	at org.springframework.boot.context.config.ConfigDataEnvironmentPostProcessor.postProcessEnvironment(ConfigDataEnvironmentPostProcessor.java:89) ~[spring-boot-3.0.6.jar:3.0.6]
	at org.springframework.boot.env.EnvironmentPostProcessorApplicationListener.onApplicationEnvironmentPreparedEvent(EnvironmentPostProcessorApplicationListener.java:109) ~[spring-boot-3.0.6.jar:3.0.6]
	at org.springframework.boot.env.EnvironmentPostProcessorApplicationListener.onApplicationEvent(EnvironmentPostProcessorApplicationListener.java:94) ~[spring-boot-3.0.6.jar:3.0.6]
	at org.springframework.context.event.SimpleApplicationEventMulticaster.doInvokeListener(SimpleApplicationEventMulticaster.java:176) ~[spring-context-6.0.8.jar:6.0.8]
	at org.springframework.context.event.SimpleApplicationEventMulticaster.invokeListener(SimpleApplicationEventMulticaster.java:169) ~[spring-context-6.0.8.jar:6.0.8]
	at org.springframework.context.event.SimpleApplicationEventMulticaster.multicastEvent(SimpleApplicationEventMulticaster.java:143) ~[spring-context-6.0.8.jar:6.0.8]
	at org.springframework.context.event.SimpleApplicationEventMulticaster.multicastEvent(SimpleApplicationEventMulticaster.java:131) ~[spring-context-6.0.8.jar:6.0.8]
	at org.springframework.boot.context.event.EventPublishingRunListener.multicastInitialEvent(EventPublishingRunListener.java:136) ~[spring-boot-3.0.6.jar:3.0.6]
	at org.springframework.boot.context.event.EventPublishingRunListener.environmentPrepared(EventPublishingRunListener.java:81) ~[spring-boot-3.0.6.jar:3.0.6]
	at org.springframework.boot.SpringApplicationRunListeners.lambda$environmentPrepared$2(SpringApplicationRunListeners.java:64) ~[spring-boot-3.0.6.jar:3.0.6]
	at java.base/java.lang.Iterable.forEach(Unknown Source) ~[na:na]
	at org.springframework.boot.SpringApplicationRunListeners.doWithListeners(SpringApplicationRunListeners.java:118) ~[spring-boot-3.0.6.jar:3.0.6]
	at org.springframework.boot.SpringApplicationRunListeners.doWithListeners(SpringApplicationRunListeners.java:112) ~[spring-boot-3.0.6.jar:3.0.6]
	at org.springframework.boot.SpringApplicationRunListeners.environmentPrepared(SpringApplicationRunListeners.java:63) ~[spring-boot-3.0.6.jar:3.0.6]
	at org.springframework.boot.SpringApplication.prepareEnvironment(SpringApplication.java:354) ~[spring-boot-3.0.6.jar:3.0.6]
	at org.springframework.boot.SpringApplication.run(SpringApplication.java:305) ~[spring-boot-3.0.6.jar:3.0.6]
	at org.springframework.boot.SpringApplication.run(SpringApplication.java:1304) ~[spring-boot-3.0.6.jar:3.0.6]
	at org.springframework.boot.SpringApplication.run(SpringApplication.java:1293) ~[spring-boot-3.0.6.jar:3.0.6]
	at com.example.SpringBootAdminClientService.SpringBootAdminClientServiceApplication.main(SpringBootAdminClientServiceApplication.java:13) ~[classes/:na]
	at java.base/jdk.internal.reflect.NativeMethodAccessorImpl.invoke0(Native Method) ~[na:na]
	at java.base/jdk.internal.reflect.NativeMethodAccessorImpl.invoke(Unknown Source) ~[na:na]
	at java.base/jdk.internal.reflect.DelegatingMethodAccessorImpl.invoke(Unknown Source) ~[na:na]
	at java.base/java.lang.reflect.Method.invoke(Unknown Source) ~[na:na]
	at org.springframework.boot.devtools.restart.RestartLauncher.run(RestartLauncher.java:49) ~[spring-boot-devtools-3.0.6.jar:3.0.6]
Caused by: java.lang.IllegalStateException: File extension is not known to any PropertySourceLoader. If the location is meant to reference a directory, it must end in '/' or File.separator
	at org.springframework.boot.context.config.StandardConfigDataLocationResolver.getReferencesForFile(StandardConfigDataLocationResolver.java:231) ~[spring-boot-3.0.6.jar:3.0.6]
	at org.springframework.boot.context.config.StandardConfigDataLocationResolver.getReferences(StandardConfigDataLocationResolver.java:140) ~[spring-boot-3.0.6.jar:3.0.6]
	... 37 common frames omitted

2023-05-17T00:22:34.763+05:30 ERROR 22104 --- [restartedMain] o.s.boot.SpringApplication               : Application run failed

java.lang.IllegalStateException: Unable to load config data from 'configserver:http://localhost:8085'
	at org.springframework.boot.context.config.StandardConfigDataLocationResolver.getReferences(StandardConfigDataLocationResolver.java:143) ~[spring-boot-3.0.6.jar:3.0.6]
	at org.springframework.boot.context.config.StandardConfigDataLocationResolver.getReferences(StandardConfigDataLocationResolver.java:128) ~[spring-boot-3.0.6.jar:3.0.6]
	at org.springframework.boot.context.config.StandardConfigDataLocationResolver.resolve(StandardConfigDataLocationResolver.java:121) ~[spring-boot-3.0.6.jar:3.0.6]
	at org.springframework.boot.context.config.ConfigDataLocationResolvers.lambda$resolve$1(ConfigDataLocationResolvers.java:102) ~[spring-boot-3.0.6.jar:3.0.6]
	at org.springframework.boot.context.config.ConfigDataLocationResolvers.resolve(ConfigDataLocationResolvers.java:113) ~[spring-boot-3.0.6.jar:3.0.6]
	at org.springframework.boot.context.config.ConfigDataLocationResolvers.resolve(ConfigDataLocationResolvers.java:102) ~[spring-boot-3.0.6.jar:3.0.6]
	at org.springframework.boot.context.config.ConfigDataLocationResolvers.resolve(ConfigDataLocationResolvers.java:94) ~[spring-boot-3.0.6.jar:3.0.6]
	at org.springframework.boot.context.config.ConfigDataImporter.resolve(ConfigDataImporter.java:106) ~[spring-boot-3.0.6.jar:3.0.6]
	at org.springframework.boot.context.config.ConfigDataImporter.resolve(ConfigDataImporter.java:98) ~[spring-boot-3.0.6.jar:3.0.6]
	at org.springframework.boot.context.config.ConfigDataImporter.resolveAndLoad(ConfigDataImporter.java:86) ~[spring-boot-3.0.6.jar:3.0.6]
	at org.springframework.boot.context.config.ConfigDataEnvironmentContributors.withProcessedImports(ConfigDataEnvironmentContributors.java:115) ~[spring-boot-3.0.6.jar:3.0.6]
	at org.springframework.boot.context.config.ConfigDataEnvironment.processInitial(ConfigDataEnvironment.java:242) ~[spring-boot-3.0.6.jar:3.0.6]
	at org.springframework.boot.context.config.ConfigDataEnvironment.processAndApply(ConfigDataEnvironment.java:229) ~[spring-boot-3.0.6.jar:3.0.6]
	at org.springframework.boot.context.config.ConfigDataEnvironmentPostProcessor.postProcessEnvironment(ConfigDataEnvironmentPostProcessor.java:96) ~[spring-boot-3.0.6.jar:3.0.6]
	at org.springframework.boot.context.config.ConfigDataEnvironmentPostProcessor.postProcessEnvironment(ConfigDataEnvironmentPostProcessor.java:89) ~[spring-boot-3.0.6.jar:3.0.6]
	at org.springframework.boot.env.EnvironmentPostProcessorApplicationListener.onApplicationEnvironmentPreparedEvent(EnvironmentPostProcessorApplicationListener.java:109) ~[spring-boot-3.0.6.jar:3.0.6]
	at org.springframework.boot.env.EnvironmentPostProcessorApplicationListener.onApplicationEvent(EnvironmentPostProcessorApplicationListener.java:94) ~[spring-boot-3.0.6.jar:3.0.6]
	at org.springframework.context.event.SimpleApplicationEventMulticaster.doInvokeListener(SimpleApplicationEventMulticaster.java:176) ~[spring-context-6.0.8.jar:6.0.8]
	at org.springframework.context.event.SimpleApplicationEventMulticaster.invokeListener(SimpleApplicationEventMulticaster.java:169) ~[spring-context-6.0.8.jar:6.0.8]
	at org.springframework.context.event.SimpleApplicationEventMulticaster.multicastEvent(SimpleApplicationEventMulticaster.java:143) ~[spring-context-6.0.8.jar:6.0.8]
	at org.springframework.context.event.SimpleApplicationEventMulticaster.multicastEvent(SimpleApplicationEventMulticaster.java:131) ~[spring-context-6.0.8.jar:6.0.8]
	at org.springframework.boot.context.event.EventPublishingRunListener.multicastInitialEvent(EventPublishingRunListener.java:136) ~[spring-boot-3.0.6.jar:3.0.6]
	at org.springframework.boot.context.event.EventPublishingRunListener.environmentPrepared(EventPublishingRunListener.java:81) ~[spring-boot-3.0.6.jar:3.0.6]
	at org.springframework.boot.SpringApplicationRunListeners.lambda$environmentPrepared$2(SpringApplicationRunListeners.java:64) ~[spring-boot-3.0.6.jar:3.0.6]
	at java.base/java.lang.Iterable.forEach(Unknown Source) ~[na:na]
	at org.springframework.boot.SpringApplicationRunListeners.doWithListeners(SpringApplicationRunListeners.java:118) ~[spring-boot-3.0.6.jar:3.0.6]
	at org.springframework.boot.SpringApplicationRunListeners.doWithListeners(SpringApplicationRunListeners.java:112) ~[spring-boot-3.0.6.jar:3.0.6]
	at org.springframework.boot.SpringApplicationRunListeners.environmentPrepared(SpringApplicationRunListeners.java:63) ~[spring-boot-3.0.6.jar:3.0.6]
	at org.springframework.boot.SpringApplication.prepareEnvironment(SpringApplication.java:354) ~[spring-boot-3.0.6.jar:3.0.6]
	at org.springframework.boot.SpringApplication.run(SpringApplication.java:305) ~[spring-boot-3.0.6.jar:3.0.6]
	at org.springframework.boot.SpringApplication.run(SpringApplication.java:1304) ~[spring-boot-3.0.6.jar:3.0.6]
	at org.springframework.boot.SpringApplication.run(SpringApplication.java:1293) ~[spring-boot-3.0.6.jar:3.0.6]
	at com.example.SpringBootAdminClientService.SpringBootAdminClientServiceApplication.main(SpringBootAdminClientServiceApplication.java:13) ~[classes/:na]
	at java.base/jdk.internal.reflect.NativeMethodAccessorImpl.invoke0(Native Method) ~[na:na]
	at java.base/jdk.internal.reflect.NativeMethodAccessorImpl.invoke(Unknown Source) ~[na:na]
	at java.base/jdk.internal.reflect.DelegatingMethodAccessorImpl.invoke(Unknown Source) ~[na:na]
	at java.base/java.lang.reflect.Method.invoke(Unknown Source) ~[na:na]
	at org.springframework.boot.devtools.restart.RestartLauncher.run(RestartLauncher.java:49) ~[spring-boot-devtools-3.0.6.jar:3.0.6]
Caused by: java.lang.IllegalStateException: File extension is not known to any PropertySourceLoader. If the location is meant to reference a directory, it must end in '/' or File.separator
	at org.springframework.boot.context.config.StandardConfigDataLocationResolver.getReferencesForFile(StandardConfigDataLocationResolver.java:231) ~[spring-boot-3.0.6.jar:3.0.6]
	at org.springframework.boot.context.config.StandardConfigDataLocationResolver.getReferences(StandardConfigDataLocationResolver.java:140) ~[spring-boot-3.0.6.jar:3.0.6]
	... 37 common frames omitted

2023-05-17T00:26:36.903+05:30  INFO 30360 --- [restartedMain] .SpringBootAdminClientServiceApplication : Starting SpringBootAdminClientServiceApplication using Java 17.0.7 with PID 30360 (C:\Users\sarthak.aggarwal\Downloads\SpringBootAdminClientService\SpringBootAdminClientService\target\classes started by sarthak.aggarwal in C:\Users\sarthak.aggarwal\Downloads\SpringBootAdminClientService\SpringBootAdminClientService)
2023-05-17T00:26:36.945+05:30  INFO 30360 --- [restartedMain] .SpringBootAdminClientServiceApplication : No active profile set, falling back to 1 default profile: "default"
2023-05-17T00:26:37.201+05:30  INFO 30360 --- [restartedMain] o.s.c.c.c.ConfigServerConfigDataLoader   : Fetching config from server at : http://localhost:8087
2023-05-17T00:26:37.262+05:30  INFO 30360 --- [restartedMain] o.s.c.c.c.ConfigServerConfigDataLoader   : Located environment: name=PRODUCT-SERVICE, profiles=[default], label=null, version=2ffac8af20e25841d52a81f2ef98d785ab8c7a60, state=null
2023-05-17T00:26:37.314+05:30  INFO 30360 --- [restartedMain] .e.DevToolsPropertyDefaultsPostProcessor : Devtools property defaults active! Set 'spring.devtools.add-properties' to 'false' to disable
2023-05-17T00:26:37.317+05:30  INFO 30360 --- [restartedMain] .e.DevToolsPropertyDefaultsPostProcessor : For additional web related logging consider setting the 'logging.level.web' property to 'DEBUG'
2023-05-17T00:26:41.293+05:30  INFO 30360 --- [restartedMain] .s.d.r.c.RepositoryConfigurationDelegate : Bootstrapping Spring Data JPA repositories in DEFAULT mode.
2023-05-17T00:26:42.028+05:30  INFO 30360 --- [restartedMain] .s.d.r.c.RepositoryConfigurationDelegate : Finished Spring Data repository scanning in 649 ms. Found 1 JPA repository interfaces.
2023-05-17T00:26:43.037+05:30  INFO 30360 --- [restartedMain] o.s.cloud.context.scope.GenericScope     : BeanFactory id=3f10b694-c20d-35da-bf7c-743d940e444c
2023-05-17T00:26:45.853+05:30  INFO 30360 --- [restartedMain] o.s.b.w.embedded.tomcat.TomcatWebServer  : Tomcat initialized with port(s): 8083 (http)
2023-05-17T00:26:45.896+05:30  INFO 30360 --- [restartedMain] o.apache.catalina.core.StandardService   : Starting service [Tomcat]
2023-05-17T00:26:45.900+05:30  INFO 30360 --- [restartedMain] o.apache.catalina.core.StandardEngine    : Starting Servlet engine: [Apache Tomcat/10.1.8]
2023-05-17T00:26:46.235+05:30  INFO 30360 --- [restartedMain] o.a.c.c.C.[Tomcat].[localhost].[/]       : Initializing Spring embedded WebApplicationContext
2023-05-17T00:26:46.238+05:30  INFO 30360 --- [restartedMain] w.s.c.ServletWebServerApplicationContext : Root WebApplicationContext: initialization completed in 8916 ms
2023-05-17T00:26:52.323+05:30  INFO 30360 --- [restartedMain] o.hibernate.jpa.internal.util.LogHelper  : HHH000204: Processing PersistenceUnitInfo [name: default]
2023-05-17T00:26:52.676+05:30  INFO 30360 --- [restartedMain] org.hibernate.Version                    : HHH000412: Hibernate ORM core version 6.1.7.Final
2023-05-17T00:26:54.497+05:30  INFO 30360 --- [restartedMain] com.zaxxer.hikari.HikariDataSource       : product - Starting...
2023-05-17T00:26:55.684+05:30  INFO 30360 --- [restartedMain] com.zaxxer.hikari.pool.HikariPool        : product - Added connection com.mysql.cj.jdbc.ConnectionImpl@561bc8a7
2023-05-17T00:26:55.692+05:30  INFO 30360 --- [restartedMain] com.zaxxer.hikari.HikariDataSource       : product - Start completed.
2023-05-17T00:26:55.814+05:30  WARN 30360 --- [restartedMain] org.hibernate.dialect.Dialect            : HHH000511: The 5.0.0 version for [org.hibernate.dialect.MySQL5Dialect] is no longer supported, hence certain features may not work properly. The minimum supported version is 5.7.0. Check the community dialects project for available legacy versions.
2023-05-17T00:26:55.868+05:30  INFO 30360 --- [restartedMain] SQL dialect                              : HHH000400: Using dialect: org.hibernate.dialect.MySQL5Dialect
2023-05-17T00:26:55.879+05:30  WARN 30360 --- [restartedMain] org.hibernate.orm.deprecation            : HHH90000026: MySQL5Dialect has been deprecated; use org.hibernate.dialect.MySQLDialect instead
2023-05-17T00:26:58.442+05:30  INFO 30360 --- [restartedMain] o.h.e.t.j.p.i.JtaPlatformInitiator       : HHH000490: Using JtaPlatform implementation: [org.hibernate.engine.transaction.jta.platform.internal.NoJtaPlatform]
2023-05-17T00:26:58.489+05:30  INFO 30360 --- [restartedMain] j.LocalContainerEntityManagerFactoryBean : Initialized JPA EntityManagerFactory for persistence unit 'default'
2023-05-17T00:26:59.681+05:30  WARN 30360 --- [restartedMain] JpaBaseConfiguration$JpaWebConfiguration : spring.jpa.open-in-view is enabled by default. Therefore, database queries may be performed during view rendering. Explicitly configure spring.jpa.open-in-view to disable this warning
2023-05-17T00:27:04.589+05:30  INFO 30360 --- [restartedMain] o.s.b.d.a.OptionalLiveReloadServer       : LiveReload server is running on port 35729
2023-05-17T00:27:06.272+05:30  INFO 30360 --- [restartedMain] DiscoveryClientOptionalArgsConfiguration : Eureka HTTP Client uses RestTemplate.
2023-05-17T00:27:06.500+05:30  WARN 30360 --- [restartedMain] iguration$LoadBalancerCaffeineWarnLogger : Spring Cloud LoadBalancer is currently working with the default cache. While this cache implementation is useful for development and tests, it's recommended to use Caffeine cache in production.You can switch to using Caffeine cache, by adding it and org.springframework.cache.caffeine.CaffeineCacheManager to the classpath.
2023-05-17T00:27:06.526+05:30  INFO 30360 --- [restartedMain] o.s.b.a.e.web.EndpointLinksResolver      : Exposing 17 endpoint(s) beneath base path '/actuator'
2023-05-17T00:27:06.993+05:30  INFO 30360 --- [restartedMain] o.s.c.n.eureka.InstanceInfoFactory       : Setting initial instance status as: STARTING
2023-05-17T00:27:07.179+05:30  INFO 30360 --- [restartedMain] com.netflix.discovery.DiscoveryClient    : Initializing Eureka in region us-east-1
2023-05-17T00:27:07.198+05:30  INFO 30360 --- [restartedMain] c.n.d.s.r.aws.ConfigClusterResolver      : Resolving eureka endpoints via configuration
2023-05-17T00:27:07.304+05:30  INFO 30360 --- [restartedMain] com.netflix.discovery.DiscoveryClient    : Disable delta property : false
2023-05-17T00:27:07.305+05:30  INFO 30360 --- [restartedMain] com.netflix.discovery.DiscoveryClient    : Single vip registry refresh property : null
2023-05-17T00:27:07.306+05:30  INFO 30360 --- [restartedMain] com.netflix.discovery.DiscoveryClient    : Force full registry fetch : false
2023-05-17T00:27:07.307+05:30  INFO 30360 --- [restartedMain] com.netflix.discovery.DiscoveryClient    : Application is null : false
2023-05-17T00:27:07.309+05:30  INFO 30360 --- [restartedMain] com.netflix.discovery.DiscoveryClient    : Registered Applications size is zero : true
2023-05-17T00:27:07.312+05:30  INFO 30360 --- [restartedMain] com.netflix.discovery.DiscoveryClient    : Application version is -1: true
2023-05-17T00:27:07.313+05:30  INFO 30360 --- [restartedMain] com.netflix.discovery.DiscoveryClient    : Getting all instance registry info from the eureka server
2023-05-17T00:27:07.879+05:30  INFO 30360 --- [restartedMain] com.netflix.discovery.DiscoveryClient    : The response status is 200
2023-05-17T00:27:08.043+05:30  INFO 30360 --- [restartedMain] com.netflix.discovery.DiscoveryClient    : Starting heartbeat executor: renew interval is: 30
2023-05-17T00:27:08.182+05:30  INFO 30360 --- [restartedMain] c.n.discovery.InstanceInfoReplicator     : InstanceInfoReplicator onDemand update allowed rate per min is 4
2023-05-17T00:27:08.196+05:30  INFO 30360 --- [restartedMain] com.netflix.discovery.DiscoveryClient    : Discovery Client initialized at timestamp 1684263428194 with initial instances count: 4
2023-05-17T00:27:08.204+05:30  INFO 30360 --- [restartedMain] o.s.c.n.e.s.EurekaServiceRegistry        : Registering application PRODUCT-SERVICE with eureka with status UP
2023-05-17T00:27:08.208+05:30  INFO 30360 --- [restartedMain] com.netflix.discovery.DiscoveryClient    : Saw local status change event StatusChangeEvent [timestamp=1684263428208, current=UP, previous=STARTING]
2023-05-17T00:27:08.276+05:30  INFO 30360 --- [DiscoveryClient-InstanceInfoReplicator-0] com.netflix.discovery.DiscoveryClient    : DiscoveryClient_PRODUCT-SERVICE/192.168.1.7:PRODUCT-SERVICE:8083: registering service...
2023-05-17T00:27:08.330+05:30  INFO 30360 --- [restartedMain] o.s.b.w.embedded.tomcat.TomcatWebServer  : Tomcat started on port(s): 8083 (http) with context path ''
2023-05-17T00:27:08.335+05:30  INFO 30360 --- [restartedMain] .s.c.n.e.s.EurekaAutoServiceRegistration : Updating port to 8083
2023-05-17T00:27:08.453+05:30  INFO 30360 --- [DiscoveryClient-InstanceInfoReplicator-0] com.netflix.discovery.DiscoveryClient    : DiscoveryClient_PRODUCT-SERVICE/192.168.1.7:PRODUCT-SERVICE:8083 - registration status: 204
2023-05-17T00:27:09.977+05:30  INFO 30360 --- [restartedMain] .SpringBootAdminClientServiceApplication : Started SpringBootAdminClientServiceApplication in 40.708 seconds (process running for 42.344)
2023-05-17T00:27:10.289+05:30  WARN 30360 --- [registrationTask1] d.c.b.a.c.r.ApplicationRegistrator       : Failed to register application as Application(name=PRODUCT-SERVICE, managementUrl=http://192.168.1.7:8083/actuator, healthUrl=http://192.168.1.7:8083/actuator/health, serviceUrl=http://192.168.1.7:8083/) at spring-boot-admin ([http://localhost:8082/instances]): I/O error on POST request for "http://localhost:8082/instances": Connect to http://localhost:8082 [localhost/127.0.0.1, localhost/0:0:0:0:0:0:0:1] failed: Connection refused: no further information. Further attempts are logged on DEBUG level
2023-05-17T00:29:50.674+05:30  INFO 30360 --- [http-nio-8083-exec-3] o.a.c.c.C.[Tomcat].[localhost].[/]       : Initializing Spring DispatcherServlet 'dispatcherServlet'
2023-05-17T00:29:50.691+05:30  INFO 30360 --- [http-nio-8083-exec-3] o.s.web.servlet.DispatcherServlet        : Initializing Servlet 'dispatcherServlet'
2023-05-17T00:29:50.757+05:30  INFO 30360 --- [http-nio-8083-exec-3] o.s.web.servlet.DispatcherServlet        : Completed initialization in 32 ms
2023-05-17T00:32:07.961+05:30  INFO 30360 --- [AsyncResolver-bootstrap-executor-0] c.n.d.s.r.aws.ConfigClusterResolver      : Resolving eureka endpoints via configuration
2023-05-17T00:37:08.422+05:30  INFO 30360 --- [AsyncResolver-bootstrap-executor-0] c.n.d.s.r.aws.ConfigClusterResolver      : Resolving eureka endpoints via configuration
2023-05-17T00:42:08.440+05:30  INFO 30360 --- [AsyncResolver-bootstrap-executor-0] c.n.d.s.r.aws.ConfigClusterResolver      : Resolving eureka endpoints via configuration
2023-05-17T00:47:09.283+05:30  INFO 30360 --- [AsyncResolver-bootstrap-executor-0] c.n.d.s.r.aws.ConfigClusterResolver      : Resolving eureka endpoints via configuration
2023-05-17T00:52:09.351+05:30  INFO 30360 --- [AsyncResolver-bootstrap-executor-0] c.n.d.s.r.aws.ConfigClusterResolver      : Resolving eureka endpoints via configuration
2023-05-17T09:28:51.035+05:30  WARN 30360 --- [product housekeeper] com.zaxxer.hikari.pool.HikariPool        : product - Thread starvation or clock leap detected (housekeeper delta=8h32m29s126ms108µs).
2023-05-17T09:29:03.938+05:30  INFO 30360 --- [AsyncResolver-bootstrap-executor-0] c.n.d.s.r.aws.ConfigClusterResolver      : Resolving eureka endpoints via configuration
2023-05-17T09:34:04.470+05:30  INFO 30360 --- [AsyncResolver-bootstrap-executor-0] c.n.d.s.r.aws.ConfigClusterResolver      : Resolving eureka endpoints via configuration
2023-05-17T09:39:04.511+05:30  INFO 30360 --- [AsyncResolver-bootstrap-executor-0] c.n.d.s.r.aws.ConfigClusterResolver      : Resolving eureka endpoints via configuration
2023-05-17T09:44:04.519+05:30  INFO 30360 --- [AsyncResolver-bootstrap-executor-0] c.n.d.s.r.aws.ConfigClusterResolver      : Resolving eureka endpoints via configuration
2023-05-17T09:49:04.523+05:30  INFO 30360 --- [AsyncResolver-bootstrap-executor-0] c.n.d.s.r.aws.ConfigClusterResolver      : Resolving eureka endpoints via configuration
2023-05-17T09:54:04.535+05:30  INFO 30360 --- [AsyncResolver-bootstrap-executor-0] c.n.d.s.r.aws.ConfigClusterResolver      : Resolving eureka endpoints via configuration
2023-05-17T11:32:30.770+05:30  WARN 30360 --- [product housekeeper] com.zaxxer.hikari.pool.HikariPool        : product - Thread starvation or clock leap detected (housekeeper delta=1h34m8s836ms918µs200ns).
2023-05-17T11:32:55.088+05:30  INFO 30360 --- [AsyncResolver-bootstrap-executor-0] c.n.d.s.r.aws.ConfigClusterResolver      : Resolving eureka endpoints via configuration
2023-05-17T11:37:55.419+05:30  INFO 30360 --- [AsyncResolver-bootstrap-executor-0] c.n.d.s.r.aws.ConfigClusterResolver      : Resolving eureka endpoints via configuration
