2023-05-17T00:00:00.383+05:30  WARN 28868 --- [DiscoveryClient-0] c.netflix.discovery.TimedSupervisorTask  : task supervisor shutting down, can't accept the task
2023-05-17T00:00:00.384+05:30  INFO 28868 --- [Thread-19] com.netflix.discovery.DiscoveryClient    : Unregistering ...
2023-05-17T00:00:00.407+05:30  INFO 28868 --- [Thread-19] com.netflix.discovery.DiscoveryClient    : DiscoveryClient_INDUSTRY-SERVICE/192.168.1.7:INDUSTRY-SERVICE:8085 - deregister  status: 200
2023-05-17T00:00:00.415+05:30  INFO 28868 --- [Thread-19] com.netflix.discovery.DiscoveryClient    : Completed shut down of DiscoveryClient
2023-05-17T00:00:00.755+05:30  INFO 28868 --- [restartedMain] c.e.I.IndustryTypeApplication            : Starting IndustryTypeApplication using Java 17.0.7 with PID 28868 (C:\Users\sarthak.aggarwal\Downloads\IndustryType\IndustryType\target\classes started by sarthak.aggarwal in C:\Users\sarthak.aggarwal\Downloads\IndustryType\IndustryType)
2023-05-17T00:00:00.757+05:30  INFO 28868 --- [restartedMain] c.e.I.IndustryTypeApplication            : No active profile set, falling back to 1 default profile: "default"
2023-05-17T00:00:01.554+05:30  INFO 28868 --- [restartedMain] .s.d.r.c.RepositoryConfigurationDelegate : Bootstrapping Spring Data JPA repositories in DEFAULT mode.
2023-05-17T00:00:01.585+05:30  INFO 28868 --- [restartedMain] .s.d.r.c.RepositoryConfigurationDelegate : Finished Spring Data repository scanning in 29 ms. Found 1 JPA repository interfaces.
2023-05-17T00:00:01.769+05:30  INFO 28868 --- [restartedMain] o.s.cloud.context.scope.GenericScope     : BeanFactory id=fd9db93c-ef35-387f-bd6a-3297bd82c363
2023-05-17T00:00:01.914+05:30  INFO 28868 --- [restartedMain] o.s.b.w.embedded.tomcat.TomcatWebServer  : Tomcat initialized with port(s): 8085 (http)
2023-05-17T00:00:01.917+05:30  INFO 28868 --- [restartedMain] o.apache.catalina.core.StandardService   : Starting service [Tomcat]
2023-05-17T00:00:01.918+05:30  INFO 28868 --- [restartedMain] o.apache.catalina.core.StandardEngine    : Starting Servlet engine: [Apache Tomcat/10.1.8]
2023-05-17T00:00:02.026+05:30  INFO 28868 --- [restartedMain] o.a.c.c.C.[Tomcat].[localhost].[/]       : Initializing Spring embedded WebApplicationContext
2023-05-17T00:00:02.040+05:30  INFO 28868 --- [restartedMain] w.s.c.ServletWebServerApplicationContext : Root WebApplicationContext: initialization completed in 1277 ms
2023-05-17T00:00:02.224+05:30  INFO 28868 --- [restartedMain] o.hibernate.jpa.internal.util.LogHelper  : HHH000204: Processing PersistenceUnitInfo [name: default]
2023-05-17T00:00:02.258+05:30  INFO 28868 --- [restartedMain] com.zaxxer.hikari.HikariDataSource       : product - Starting...
2023-05-17T00:00:02.280+05:30  INFO 28868 --- [restartedMain] com.zaxxer.hikari.pool.HikariPool        : product - Added connection com.mysql.cj.jdbc.ConnectionImpl@4212f4b4
2023-05-17T00:00:02.282+05:30  INFO 28868 --- [restartedMain] com.zaxxer.hikari.HikariDataSource       : product - Start completed.
2023-05-17T00:00:02.283+05:30  WARN 28868 --- [restartedMain] org.hibernate.dialect.Dialect            : HHH000511: The 5.0.0 version for [org.hibernate.dialect.MySQL5Dialect] is no longer supported, hence certain features may not work properly. The minimum supported version is 5.7.0. Check the community dialects project for available legacy versions.
2023-05-17T00:00:02.284+05:30  INFO 28868 --- [restartedMain] SQL dialect                              : HHH000400: Using dialect: org.hibernate.dialect.MySQL5Dialect
2023-05-17T00:00:02.285+05:30  WARN 28868 --- [restartedMain] org.hibernate.orm.deprecation            : HHH90000026: MySQL5Dialect has been deprecated; use org.hibernate.dialect.MySQLDialect instead
2023-05-17T00:00:02.463+05:30  INFO 28868 --- [restartedMain] o.h.e.t.j.p.i.JtaPlatformInitiator       : HHH000490: Using JtaPlatform implementation: [org.hibernate.engine.transaction.jta.platform.internal.NoJtaPlatform]
2023-05-17T00:00:02.465+05:30  INFO 28868 --- [restartedMain] j.LocalContainerEntityManagerFactoryBean : Initialized JPA EntityManagerFactory for persistence unit 'default'
2023-05-17T00:00:02.588+05:30  WARN 28868 --- [restartedMain] JpaBaseConfiguration$JpaWebConfiguration : spring.jpa.open-in-view is enabled by default. Therefore, database queries may be performed during view rendering. Explicitly configure spring.jpa.open-in-view to disable this warning
2023-05-17T00:00:03.393+05:30  WARN 28868 --- [restartedMain] o.s.b.d.a.OptionalLiveReloadServer       : Unable to start LiveReload server
2023-05-17T00:00:03.665+05:30  INFO 28868 --- [restartedMain] DiscoveryClientOptionalArgsConfiguration : Eureka HTTP Client uses RestTemplate.
2023-05-17T00:00:03.709+05:30  WARN 28868 --- [restartedMain] iguration$LoadBalancerCaffeineWarnLogger : Spring Cloud LoadBalancer is currently working with the default cache. While this cache implementation is useful for development and tests, it's recommended to use Caffeine cache in production.You can switch to using Caffeine cache, by adding it and org.springframework.cache.caffeine.CaffeineCacheManager to the classpath.
2023-05-17T00:00:03.720+05:30  INFO 28868 --- [restartedMain] o.s.b.a.e.web.EndpointLinksResolver      : Exposing 17 endpoint(s) beneath base path '/actuator'
2023-05-17T00:00:03.792+05:30  INFO 28868 --- [restartedMain] o.s.c.n.eureka.InstanceInfoFactory       : Setting initial instance status as: STARTING
2023-05-17T00:00:03.799+05:30  INFO 28868 --- [restartedMain] com.netflix.discovery.DiscoveryClient    : Initializing Eureka in region us-east-1
2023-05-17T00:00:03.800+05:30  INFO 28868 --- [restartedMain] c.n.d.s.r.aws.ConfigClusterResolver      : Resolving eureka endpoints via configuration
2023-05-17T00:00:03.803+05:30  INFO 28868 --- [restartedMain] com.netflix.discovery.DiscoveryClient    : Disable delta property : false
2023-05-17T00:00:03.804+05:30  INFO 28868 --- [restartedMain] com.netflix.discovery.DiscoveryClient    : Single vip registry refresh property : null
2023-05-17T00:00:03.804+05:30  INFO 28868 --- [restartedMain] com.netflix.discovery.DiscoveryClient    : Force full registry fetch : false
2023-05-17T00:00:03.805+05:30  INFO 28868 --- [restartedMain] com.netflix.discovery.DiscoveryClient    : Application is null : false
2023-05-17T00:00:03.805+05:30  INFO 28868 --- [restartedMain] com.netflix.discovery.DiscoveryClient    : Registered Applications size is zero : true
2023-05-17T00:00:03.806+05:30  INFO 28868 --- [restartedMain] com.netflix.discovery.DiscoveryClient    : Application version is -1: true
2023-05-17T00:00:03.806+05:30  INFO 28868 --- [restartedMain] com.netflix.discovery.DiscoveryClient    : Getting all instance registry info from the eureka server
2023-05-17T00:00:03.849+05:30  INFO 28868 --- [restartedMain] com.netflix.discovery.DiscoveryClient    : The response status is 200
2023-05-17T00:00:03.852+05:30  INFO 28868 --- [restartedMain] com.netflix.discovery.DiscoveryClient    : Starting heartbeat executor: renew interval is: 30
2023-05-17T00:00:03.854+05:30  INFO 28868 --- [restartedMain] c.n.discovery.InstanceInfoReplicator     : InstanceInfoReplicator onDemand update allowed rate per min is 4
2023-05-17T00:00:03.857+05:30  INFO 28868 --- [restartedMain] com.netflix.discovery.DiscoveryClient    : Discovery Client initialized at timestamp 1684261803857 with initial instances count: 3
2023-05-17T00:00:03.861+05:30  INFO 28868 --- [restartedMain] o.s.c.n.e.s.EurekaServiceRegistry        : Registering application INDUSTRY-SERVICE with eureka with status UP
2023-05-17T00:00:03.863+05:30  INFO 28868 --- [restartedMain] com.netflix.discovery.DiscoveryClient    : Saw local status change event StatusChangeEvent [timestamp=1684261803863, current=UP, previous=STARTING]
2023-05-17T00:00:03.872+05:30  INFO 28868 --- [restartedMain] o.s.b.w.embedded.tomcat.TomcatWebServer  : Tomcat started on port(s): 8085 (http) with context path ''
2023-05-17T00:00:03.876+05:30  INFO 28868 --- [restartedMain] .s.c.n.e.s.EurekaAutoServiceRegistration : Updating port to 8085
2023-05-17T00:00:03.888+05:30  INFO 28868 --- [DiscoveryClient-InstanceInfoReplicator-0] com.netflix.discovery.DiscoveryClient    : DiscoveryClient_INDUSTRY-SERVICE/192.168.1.7:INDUSTRY-SERVICE:8085: registering service...
2023-05-17T00:00:03.936+05:30  INFO 28868 --- [DiscoveryClient-InstanceInfoReplicator-0] com.netflix.discovery.DiscoveryClient    : DiscoveryClient_INDUSTRY-SERVICE/192.168.1.7:INDUSTRY-SERVICE:8085 - registration status: 204
2023-05-17T00:00:04.217+05:30  INFO 28868 --- [restartedMain] c.e.I.IndustryTypeApplication            : Started IndustryTypeApplication in 3.746 seconds (process running for 372.12)
2023-05-17T00:00:04.222+05:30  INFO 28868 --- [restartedMain] .ConditionEvaluationDeltaLoggingListener : Condition evaluation unchanged
2023-05-17T00:00:04.234+05:30  WARN 28868 --- [registrationTask1] d.c.b.a.c.r.ApplicationRegistrator       : Failed to register application as Application(name=INDUSTRY-SERVICE, managementUrl=http://192.168.1.7:8085/actuator, healthUrl=http://192.168.1.7:8085/actuator/health, serviceUrl=http://192.168.1.7:8085/) at spring-boot-admin ([http://localhost:8082/instances]): I/O error on POST request for "http://localhost:8082/instances": Connect to http://localhost:8082 [localhost/127.0.0.1, localhost/0:0:0:0:0:0:0:1] failed: Connection refused: no further information. Further attempts are logged on DEBUG level
2023-05-17T00:00:04.825+05:30  INFO 28868 --- [File Watcher] rtingClassPathChangeChangedEventListener : Restarting due to 1 class path change (0 additions, 0 deletions, 1 modification)
2023-05-17T00:00:04.827+05:30  INFO 28868 --- [Thread-25] o.s.c.n.e.s.EurekaServiceRegistry        : Unregistering application INDUSTRY-SERVICE with eureka with status DOWN
2023-05-17T00:00:04.828+05:30  INFO 28868 --- [Thread-25] com.netflix.discovery.DiscoveryClient    : Saw local status change event StatusChangeEvent [timestamp=1684261804828, current=DOWN, previous=UP]
2023-05-17T00:00:04.829+05:30  INFO 28868 --- [DiscoveryClient-InstanceInfoReplicator-0] com.netflix.discovery.DiscoveryClient    : DiscoveryClient_INDUSTRY-SERVICE/192.168.1.7:INDUSTRY-SERVICE:8085: registering service...
2023-05-17T00:00:04.844+05:30  INFO 28868 --- [DiscoveryClient-InstanceInfoReplicator-0] com.netflix.discovery.DiscoveryClient    : DiscoveryClient_INDUSTRY-SERVICE/192.168.1.7:INDUSTRY-SERVICE:8085 - registration status: 204
2023-05-17T00:00:04.856+05:30  INFO 28868 --- [Thread-25] o.apache.catalina.core.StandardService   : Stopping service [Tomcat]
2023-05-17T00:00:04.865+05:30  INFO 28868 --- [Thread-25] j.LocalContainerEntityManagerFactoryBean : Closing JPA EntityManagerFactory for persistence unit 'default'
2023-05-17T00:00:04.868+05:30  INFO 28868 --- [Thread-25] com.zaxxer.hikari.HikariDataSource       : product - Shutdown initiated...
2023-05-17T00:00:04.875+05:30  INFO 28868 --- [Thread-25] com.zaxxer.hikari.HikariDataSource       : product - Shutdown completed.
2023-05-17T00:00:04.877+05:30  INFO 28868 --- [Thread-25] com.netflix.discovery.DiscoveryClient    : Shutting down DiscoveryClient ...
2023-05-17T00:00:07.881+05:30  INFO 28868 --- [Thread-25] com.netflix.discovery.DiscoveryClient    : Unregistering ...
2023-05-17T00:00:07.898+05:30  INFO 28868 --- [Thread-25] com.netflix.discovery.DiscoveryClient    : DiscoveryClient_INDUSTRY-SERVICE/192.168.1.7:INDUSTRY-SERVICE:8085 - deregister  status: 200
2023-05-17T00:00:07.904+05:30  INFO 28868 --- [Thread-25] com.netflix.discovery.DiscoveryClient    : Completed shut down of DiscoveryClient
2023-05-17T00:00:08.276+05:30  INFO 28868 --- [restartedMain] c.e.I.IndustryTypeApplication            : Starting IndustryTypeApplication using Java 17.0.7 with PID 28868 (C:\Users\sarthak.aggarwal\Downloads\IndustryType\IndustryType\target\classes started by sarthak.aggarwal in C:\Users\sarthak.aggarwal\Downloads\IndustryType\IndustryType)
2023-05-17T00:00:08.277+05:30  INFO 28868 --- [restartedMain] c.e.I.IndustryTypeApplication            : No active profile set, falling back to 1 default profile: "default"
2023-05-17T00:00:08.882+05:30  INFO 28868 --- [restartedMain] .s.d.r.c.RepositoryConfigurationDelegate : Bootstrapping Spring Data JPA repositories in DEFAULT mode.
2023-05-17T00:00:08.900+05:30  INFO 28868 --- [restartedMain] .s.d.r.c.RepositoryConfigurationDelegate : Finished Spring Data repository scanning in 16 ms. Found 1 JPA repository interfaces.
2023-05-17T00:00:09.004+05:30  INFO 28868 --- [restartedMain] o.s.cloud.context.scope.GenericScope     : BeanFactory id=fd9db93c-ef35-387f-bd6a-3297bd82c363
2023-05-17T00:00:09.078+05:30  INFO 28868 --- [restartedMain] o.s.b.w.embedded.tomcat.TomcatWebServer  : Tomcat initialized with port(s): 8085 (http)
2023-05-17T00:00:09.079+05:30  INFO 28868 --- [restartedMain] o.apache.catalina.core.StandardService   : Starting service [Tomcat]
2023-05-17T00:00:09.080+05:30  INFO 28868 --- [restartedMain] o.apache.catalina.core.StandardEngine    : Starting Servlet engine: [Apache Tomcat/10.1.8]
2023-05-17T00:00:09.150+05:30  INFO 28868 --- [restartedMain] o.a.c.c.C.[Tomcat].[localhost].[/]       : Initializing Spring embedded WebApplicationContext
2023-05-17T00:00:09.151+05:30  INFO 28868 --- [restartedMain] w.s.c.ServletWebServerApplicationContext : Root WebApplicationContext: initialization completed in 867 ms
2023-05-17T00:00:09.276+05:30  INFO 28868 --- [restartedMain] o.hibernate.jpa.internal.util.LogHelper  : HHH000204: Processing PersistenceUnitInfo [name: default]
2023-05-17T00:00:09.293+05:30  INFO 28868 --- [restartedMain] com.zaxxer.hikari.HikariDataSource       : product - Starting...
2023-05-17T00:00:09.300+05:30  INFO 28868 --- [restartedMain] com.zaxxer.hikari.pool.HikariPool        : product - Added connection com.mysql.cj.jdbc.ConnectionImpl@52b9c6e5
2023-05-17T00:00:09.301+05:30  INFO 28868 --- [restartedMain] com.zaxxer.hikari.HikariDataSource       : product - Start completed.
2023-05-17T00:00:09.303+05:30  WARN 28868 --- [restartedMain] org.hibernate.dialect.Dialect            : HHH000511: The 5.0.0 version for [org.hibernate.dialect.MySQL5Dialect] is no longer supported, hence certain features may not work properly. The minimum supported version is 5.7.0. Check the community dialects project for available legacy versions.
2023-05-17T00:00:09.304+05:30  INFO 28868 --- [restartedMain] SQL dialect                              : HHH000400: Using dialect: org.hibernate.dialect.MySQL5Dialect
2023-05-17T00:00:09.305+05:30  WARN 28868 --- [restartedMain] org.hibernate.orm.deprecation            : HHH90000026: MySQL5Dialect has been deprecated; use org.hibernate.dialect.MySQLDialect instead
2023-05-17T00:00:09.411+05:30  INFO 28868 --- [restartedMain] o.h.e.t.j.p.i.JtaPlatformInitiator       : HHH000490: Using JtaPlatform implementation: [org.hibernate.engine.transaction.jta.platform.internal.NoJtaPlatform]
2023-05-17T00:00:09.412+05:30  INFO 28868 --- [restartedMain] j.LocalContainerEntityManagerFactoryBean : Initialized JPA EntityManagerFactory for persistence unit 'default'
2023-05-17T00:00:09.537+05:30  WARN 28868 --- [restartedMain] JpaBaseConfiguration$JpaWebConfiguration : spring.jpa.open-in-view is enabled by default. Therefore, database queries may be performed during view rendering. Explicitly configure spring.jpa.open-in-view to disable this warning
2023-05-17T00:00:10.155+05:30  WARN 28868 --- [restartedMain] o.s.b.d.a.OptionalLiveReloadServer       : Unable to start LiveReload server
2023-05-17T00:00:10.385+05:30  INFO 28868 --- [restartedMain] DiscoveryClientOptionalArgsConfiguration : Eureka HTTP Client uses RestTemplate.
2023-05-17T00:00:10.414+05:30  WARN 28868 --- [restartedMain] iguration$LoadBalancerCaffeineWarnLogger : Spring Cloud LoadBalancer is currently working with the default cache. While this cache implementation is useful for development and tests, it's recommended to use Caffeine cache in production.You can switch to using Caffeine cache, by adding it and org.springframework.cache.caffeine.CaffeineCacheManager to the classpath.
2023-05-17T00:00:10.419+05:30  INFO 28868 --- [restartedMain] o.s.b.a.e.web.EndpointLinksResolver      : Exposing 17 endpoint(s) beneath base path '/actuator'
2023-05-17T00:00:10.468+05:30  INFO 28868 --- [restartedMain] o.s.c.n.eureka.InstanceInfoFactory       : Setting initial instance status as: STARTING
2023-05-17T00:00:10.473+05:30  INFO 28868 --- [restartedMain] com.netflix.discovery.DiscoveryClient    : Initializing Eureka in region us-east-1
2023-05-17T00:00:10.476+05:30  INFO 28868 --- [restartedMain] c.n.d.s.r.aws.ConfigClusterResolver      : Resolving eureka endpoints via configuration
2023-05-17T00:00:10.481+05:30  INFO 28868 --- [restartedMain] com.netflix.discovery.DiscoveryClient    : Disable delta property : false
2023-05-17T00:00:10.482+05:30  INFO 28868 --- [restartedMain] com.netflix.discovery.DiscoveryClient    : Single vip registry refresh property : null
2023-05-17T00:00:10.483+05:30  INFO 28868 --- [restartedMain] com.netflix.discovery.DiscoveryClient    : Force full registry fetch : false
2023-05-17T00:00:10.484+05:30  INFO 28868 --- [restartedMain] com.netflix.discovery.DiscoveryClient    : Application is null : false
2023-05-17T00:00:10.485+05:30  INFO 28868 --- [restartedMain] com.netflix.discovery.DiscoveryClient    : Registered Applications size is zero : true
2023-05-17T00:00:10.487+05:30  INFO 28868 --- [restartedMain] com.netflix.discovery.DiscoveryClient    : Application version is -1: true
2023-05-17T00:00:10.488+05:30  INFO 28868 --- [restartedMain] com.netflix.discovery.DiscoveryClient    : Getting all instance registry info from the eureka server
2023-05-17T00:00:10.535+05:30  INFO 28868 --- [restartedMain] com.netflix.discovery.DiscoveryClient    : The response status is 200
2023-05-17T00:00:10.538+05:30  INFO 28868 --- [restartedMain] com.netflix.discovery.DiscoveryClient    : Starting heartbeat executor: renew interval is: 30
2023-05-17T00:00:10.540+05:30  INFO 28868 --- [restartedMain] c.n.discovery.InstanceInfoReplicator     : InstanceInfoReplicator onDemand update allowed rate per min is 4
2023-05-17T00:00:10.547+05:30  INFO 28868 --- [restartedMain] com.netflix.discovery.DiscoveryClient    : Discovery Client initialized at timestamp 1684261810547 with initial instances count: 3
2023-05-17T00:00:10.551+05:30  INFO 28868 --- [restartedMain] o.s.c.n.e.s.EurekaServiceRegistry        : Registering application INDUSTRY-SERVICE with eureka with status UP
2023-05-17T00:00:10.553+05:30  INFO 28868 --- [restartedMain] com.netflix.discovery.DiscoveryClient    : Saw local status change event StatusChangeEvent [timestamp=1684261810553, current=UP, previous=STARTING]
2023-05-17T00:00:10.558+05:30  INFO 28868 --- [DiscoveryClient-InstanceInfoReplicator-0] com.netflix.discovery.DiscoveryClient    : DiscoveryClient_INDUSTRY-SERVICE/192.168.1.7:INDUSTRY-SERVICE:8085: registering service...
2023-05-17T00:00:10.564+05:30  INFO 28868 --- [restartedMain] o.s.b.w.embedded.tomcat.TomcatWebServer  : Tomcat started on port(s): 8085 (http) with context path ''
2023-05-17T00:00:10.566+05:30  INFO 28868 --- [restartedMain] .s.c.n.e.s.EurekaAutoServiceRegistration : Updating port to 8085
2023-05-17T00:00:10.597+05:30  INFO 28868 --- [DiscoveryClient-InstanceInfoReplicator-0] com.netflix.discovery.DiscoveryClient    : DiscoveryClient_INDUSTRY-SERVICE/192.168.1.7:INDUSTRY-SERVICE:8085 - registration status: 204
2023-05-17T00:00:10.852+05:30  INFO 28868 --- [restartedMain] c.e.I.IndustryTypeApplication            : Started IndustryTypeApplication in 2.835 seconds (process running for 378.755)
2023-05-17T00:00:10.857+05:30  INFO 28868 --- [restartedMain] .ConditionEvaluationDeltaLoggingListener : Condition evaluation unchanged
2023-05-17T00:00:10.867+05:30  WARN 28868 --- [registrationTask1] d.c.b.a.c.r.ApplicationRegistrator       : Failed to register application as Application(name=INDUSTRY-SERVICE, managementUrl=http://192.168.1.7:8085/actuator, healthUrl=http://192.168.1.7:8085/actuator/health, serviceUrl=http://192.168.1.7:8085/) at spring-boot-admin ([http://localhost:8082/instances]): I/O error on POST request for "http://localhost:8082/instances": Connect to http://localhost:8082 [localhost/127.0.0.1, localhost/0:0:0:0:0:0:0:1] failed: Connection refused: no further information. Further attempts are logged on DEBUG level
2023-05-17T00:00:14.932+05:30  INFO 28868 --- [http-nio-8085-exec-4] o.a.c.c.C.[Tomcat].[localhost].[/]       : Initializing Spring DispatcherServlet 'dispatcherServlet'
2023-05-17T00:00:14.933+05:30  INFO 28868 --- [http-nio-8085-exec-4] o.s.web.servlet.DispatcherServlet        : Initializing Servlet 'dispatcherServlet'
2023-05-17T00:00:14.936+05:30  INFO 28868 --- [http-nio-8085-exec-4] o.s.web.servlet.DispatcherServlet        : Completed initialization in 2 ms
2023-05-17T00:00:15.473+05:30  INFO 28868 --- [http-nio-8085-exec-4] c.e.I.services.IndustryTypeServices      : [{companyId=1, companyName=Domino's, industryTypeId=1, products=[{productId=1, productName=pizza, companyId=1}, {productId=2, productName=Garlic Bread, companyId=1}, {productId=3, productName=Choco Lava Cake, companyId=1}]}, {companyId=3, companyName=Burger King, industryTypeId=1, products=[{productId=7, productName=Fries, companyId=3}, {productId=8, productName=Coffee, companyId=3}, {productId=9, productName=Burger, companyId=3}]}] 
2023-05-17T00:05:10.768+05:30  INFO 28868 --- [AsyncResolver-bootstrap-executor-0] c.n.d.s.r.aws.ConfigClusterResolver      : Resolving eureka endpoints via configuration
2023-05-17T00:08:36.634+05:30  INFO 28868 --- [http-nio-8085-exec-2] c.e.I.services.IndustryTypeServices      : [{companyId=1, companyName=Domino's, industryTypeId=1, products=[{productId=1, productName=pizza, companyId=1}, {productId=2, productName=Garlic Bread, companyId=1}, {productId=3, productName=Choco Lava Cake, companyId=1}]}, {companyId=3, companyName=Burger King, industryTypeId=1, products=[{productId=7, productName=Fries, companyId=3}, {productId=8, productName=Coffee, companyId=3}, {productId=9, productName=Burger, companyId=3}]}] 
2023-05-17T00:10:11.160+05:30  INFO 28868 --- [AsyncResolver-bootstrap-executor-0] c.n.d.s.r.aws.ConfigClusterResolver      : Resolving eureka endpoints via configuration
2023-05-17T00:15:11.178+05:30  INFO 28868 --- [AsyncResolver-bootstrap-executor-0] c.n.d.s.r.aws.ConfigClusterResolver      : Resolving eureka endpoints via configuration
2023-05-17T00:20:11.204+05:30  INFO 28868 --- [AsyncResolver-bootstrap-executor-0] c.n.d.s.r.aws.ConfigClusterResolver      : Resolving eureka endpoints via configuration
2023-05-17T00:25:11.217+05:30  INFO 28868 --- [AsyncResolver-bootstrap-executor-0] c.n.d.s.r.aws.ConfigClusterResolver      : Resolving eureka endpoints via configuration
2023-05-17T00:29:51.666+05:30  INFO 28868 --- [http-nio-8085-exec-7] c.e.I.services.IndustryTypeServices      : [{companyId=1, companyName=Domino's, industryTypeId=1, products=[{productId=1, productName=pizza, companyId=1}, {productId=2, productName=Garlic Bread, companyId=1}, {productId=3, productName=Choco Lava Cake, companyId=1}]}, {companyId=3, companyName=Burger King, industryTypeId=1, products=[{productId=7, productName=Fries, companyId=3}, {productId=8, productName=Coffee, companyId=3}, {productId=9, productName=Burger, companyId=3}]}] 
2023-05-17T00:30:11.238+05:30  INFO 28868 --- [AsyncResolver-bootstrap-executor-0] c.n.d.s.r.aws.ConfigClusterResolver      : Resolving eureka endpoints via configuration
2023-05-17T00:30:34.646+05:30  INFO 28868 --- [File Watcher] rtingClassPathChangeChangedEventListener : Restarting due to 1 class path change (0 additions, 0 deletions, 1 modification)
2023-05-17T00:30:34.685+05:30  INFO 28868 --- [Thread-31] o.s.c.n.e.s.EurekaServiceRegistry        : Unregistering application INDUSTRY-SERVICE with eureka with status DOWN
2023-05-17T00:30:34.689+05:30  INFO 28868 --- [Thread-31] com.netflix.discovery.DiscoveryClient    : Saw local status change event StatusChangeEvent [timestamp=1684263634688, current=DOWN, previous=UP]
2023-05-17T00:30:34.691+05:30  INFO 28868 --- [DiscoveryClient-InstanceInfoReplicator-0] com.netflix.discovery.DiscoveryClient    : DiscoveryClient_INDUSTRY-SERVICE/192.168.1.7:INDUSTRY-SERVICE:8085: registering service...
2023-05-17T00:30:34.750+05:30  INFO 28868 --- [DiscoveryClient-InstanceInfoReplicator-0] com.netflix.discovery.DiscoveryClient    : DiscoveryClient_INDUSTRY-SERVICE/192.168.1.7:INDUSTRY-SERVICE:8085 - registration status: 204
2023-05-17T00:30:34.873+05:30  INFO 28868 --- [Thread-31] o.apache.catalina.core.StandardService   : Stopping service [Tomcat]
2023-05-17T00:30:34.892+05:30  INFO 28868 --- [Thread-31] o.a.c.c.C.[Tomcat].[localhost].[/]       : Destroying Spring FrameworkServlet 'dispatcherServlet'
2023-05-17T00:30:35.046+05:30  WARN 28868 --- [Thread-31] o.a.c.loader.WebappClassLoaderBase       : The web application [ROOT] appears to have started a thread named [boundedElastic-evictor-1] but has failed to stop it. This is very likely to create a memory leak. Stack trace of thread:
 java.base@17.0.7/jdk.internal.misc.Unsafe.park(Native Method)
 java.base@17.0.7/java.util.concurrent.locks.LockSupport.parkNanos(Unknown Source)
 java.base@17.0.7/java.util.concurrent.locks.AbstractQueuedSynchronizer$ConditionObject.awaitNanos(Unknown Source)
 java.base@17.0.7/java.util.concurrent.ScheduledThreadPoolExecutor$DelayedWorkQueue.take(Unknown Source)
 java.base@17.0.7/java.util.concurrent.ScheduledThreadPoolExecutor$DelayedWorkQueue.take(Unknown Source)
 java.base@17.0.7/java.util.concurrent.ThreadPoolExecutor.getTask(Unknown Source)
 java.base@17.0.7/java.util.concurrent.ThreadPoolExecutor.runWorker(Unknown Source)
 java.base@17.0.7/java.util.concurrent.ThreadPoolExecutor$Worker.run(Unknown Source)
 java.base@17.0.7/java.lang.Thread.run(Unknown Source)
2023-05-17T00:30:35.059+05:30  WARN 28868 --- [Thread-31] o.a.c.loader.WebappClassLoaderBase       : The web application [ROOT] appears to have started a thread named [pool-40-thread-1] but has failed to stop it. This is very likely to create a memory leak. Stack trace of thread:
 java.base@17.0.7/jdk.internal.misc.Unsafe.park(Native Method)
 java.base@17.0.7/java.util.concurrent.locks.LockSupport.park(Unknown Source)
 java.base@17.0.7/java.util.concurrent.locks.AbstractQueuedSynchronizer$ConditionNode.block(Unknown Source)
 java.base@17.0.7/java.util.concurrent.ForkJoinPool.unmanagedBlock(Unknown Source)
 java.base@17.0.7/java.util.concurrent.ForkJoinPool.managedBlock(Unknown Source)
 java.base@17.0.7/java.util.concurrent.locks.AbstractQueuedSynchronizer$ConditionObject.await(Unknown Source)
 java.base@17.0.7/java.util.concurrent.ScheduledThreadPoolExecutor$DelayedWorkQueue.take(Unknown Source)
 java.base@17.0.7/java.util.concurrent.ScheduledThreadPoolExecutor$DelayedWorkQueue.take(Unknown Source)
 java.base@17.0.7/java.util.concurrent.ThreadPoolExecutor.getTask(Unknown Source)
 java.base@17.0.7/java.util.concurrent.ThreadPoolExecutor.runWorker(Unknown Source)
 java.base@17.0.7/java.util.concurrent.ThreadPoolExecutor$Worker.run(Unknown Source)
 java.base@17.0.7/java.lang.Thread.run(Unknown Source)
2023-05-17T00:30:35.080+05:30  WARN 28868 --- [Thread-31] o.a.c.loader.WebappClassLoaderBase       : The web application [ROOT] appears to have started a thread named [boundedElastic-3] but has failed to stop it. This is very likely to create a memory leak. Stack trace of thread:
 java.base@17.0.7/jdk.internal.misc.Unsafe.park(Native Method)
 java.base@17.0.7/java.util.concurrent.locks.LockSupport.park(Unknown Source)
 java.base@17.0.7/java.util.concurrent.locks.AbstractQueuedSynchronizer$ConditionNode.block(Unknown Source)
 java.base@17.0.7/java.util.concurrent.ForkJoinPool.unmanagedBlock(Unknown Source)
 java.base@17.0.7/java.util.concurrent.ForkJoinPool.managedBlock(Unknown Source)
 java.base@17.0.7/java.util.concurrent.locks.AbstractQueuedSynchronizer$ConditionObject.await(Unknown Source)
 java.base@17.0.7/java.util.concurrent.ScheduledThreadPoolExecutor$DelayedWorkQueue.take(Unknown Source)
 java.base@17.0.7/java.util.concurrent.ScheduledThreadPoolExecutor$DelayedWorkQueue.take(Unknown Source)
 java.base@17.0.7/java.util.concurrent.ThreadPoolExecutor.getTask(Unknown Source)
 java.base@17.0.7/java.util.concurrent.ThreadPoolExecutor.runWorker(Unknown Source)
 java.base@17.0.7/java.util.concurrent.ThreadPoolExecutor$Worker.run(Unknown Source)
 java.base@17.0.7/java.lang.Thread.run(Unknown Source)
2023-05-17T00:30:35.192+05:30  INFO 28868 --- [Thread-31] j.LocalContainerEntityManagerFactoryBean : Closing JPA EntityManagerFactory for persistence unit 'default'
2023-05-17T00:30:35.235+05:30  INFO 28868 --- [Thread-31] com.zaxxer.hikari.HikariDataSource       : product - Shutdown initiated...
2023-05-17T00:30:35.247+05:30  INFO 28868 --- [Thread-31] com.zaxxer.hikari.HikariDataSource       : product - Shutdown completed.
2023-05-17T00:30:35.253+05:30  INFO 28868 --- [Thread-31] com.netflix.discovery.DiscoveryClient    : Shutting down DiscoveryClient ...
2023-05-17T00:30:38.275+05:30  INFO 28868 --- [Thread-31] com.netflix.discovery.DiscoveryClient    : Unregistering ...
2023-05-17T00:30:38.289+05:30  INFO 28868 --- [Thread-31] com.netflix.discovery.DiscoveryClient    : DiscoveryClient_INDUSTRY-SERVICE/192.168.1.7:INDUSTRY-SERVICE:8085 - deregister  status: 200
2023-05-17T00:30:38.393+05:30  INFO 28868 --- [Thread-31] com.netflix.discovery.DiscoveryClient    : Completed shut down of DiscoveryClient
2023-05-17T00:30:41.949+05:30 ERROR 28868 --- [restartedMain] o.s.b.d.LoggingFailureAnalysisReporter   : 

***************************
APPLICATION FAILED TO START
***************************

Description:

No spring.config.import property has been defined

Action:

Add a spring.config.import=configserver: property to your configuration.
	If configuration is not required add spring.config.import=optional:configserver: instead.
	To disable this check, set spring.cloud.config.enabled=false or 
	spring.cloud.config.import-check.enabled=false.

2023-05-17T00:30:47.895+05:30  INFO 28868 --- [restartedMain] c.e.I.IndustryTypeApplication            : Starting IndustryTypeApplication using Java 17.0.7 with PID 28868 (C:\Users\sarthak.aggarwal\Downloads\IndustryType\IndustryType\target\classes started by sarthak.aggarwal in C:\Users\sarthak.aggarwal\Downloads\IndustryType\IndustryType)
2023-05-17T00:30:47.899+05:30  INFO 28868 --- [restartedMain] c.e.I.IndustryTypeApplication            : No active profile set, falling back to 1 default profile: "default"
2023-05-17T00:30:47.912+05:30  INFO 28868 --- [restartedMain] o.s.c.c.c.ConfigServerConfigDataLoader   : Fetching config from server at : http://localhost:8087
2023-05-17T00:30:47.913+05:30  INFO 28868 --- [restartedMain] o.s.c.c.c.ConfigServerConfigDataLoader   : Located environment: name=INDUSTRY-SERVICE, profiles=[default], label=null, version=2ffac8af20e25841d52a81f2ef98d785ab8c7a60, state=null
2023-05-17T00:30:50.018+05:30  INFO 28868 --- [restartedMain] .s.d.r.c.RepositoryConfigurationDelegate : Bootstrapping Spring Data JPA repositories in DEFAULT mode.
2023-05-17T00:30:50.077+05:30  INFO 28868 --- [restartedMain] .s.d.r.c.RepositoryConfigurationDelegate : Finished Spring Data repository scanning in 22 ms. Found 1 JPA repository interfaces.
2023-05-17T00:30:50.323+05:30  INFO 28868 --- [restartedMain] o.s.cloud.context.scope.GenericScope     : BeanFactory id=b6880109-4a82-3d64-99d5-e724ebbd9b4b
2023-05-17T00:30:51.415+05:30  INFO 28868 --- [restartedMain] o.s.b.w.embedded.tomcat.TomcatWebServer  : Tomcat initialized with port(s): 8085 (http)
2023-05-17T00:30:51.417+05:30  INFO 28868 --- [restartedMain] o.apache.catalina.core.StandardService   : Starting service [Tomcat]
2023-05-17T00:30:51.418+05:30  INFO 28868 --- [restartedMain] o.apache.catalina.core.StandardEngine    : Starting Servlet engine: [Apache Tomcat/10.1.8]
2023-05-17T00:30:51.619+05:30  INFO 28868 --- [restartedMain] o.a.c.c.C.[Tomcat].[localhost].[/]       : Initializing Spring embedded WebApplicationContext
2023-05-17T00:30:51.622+05:30  INFO 28868 --- [restartedMain] w.s.c.ServletWebServerApplicationContext : Root WebApplicationContext: initialization completed in 3706 ms
2023-05-17T00:30:51.947+05:30  INFO 28868 --- [restartedMain] o.hibernate.jpa.internal.util.LogHelper  : HHH000204: Processing PersistenceUnitInfo [name: default]
2023-05-17T00:30:52.043+05:30  INFO 28868 --- [restartedMain] com.zaxxer.hikari.HikariDataSource       : product - Starting...
2023-05-17T00:30:52.062+05:30  INFO 28868 --- [restartedMain] com.zaxxer.hikari.pool.HikariPool        : product - Added connection com.mysql.cj.jdbc.ConnectionImpl@57189ff9
2023-05-17T00:30:52.063+05:30  INFO 28868 --- [restartedMain] com.zaxxer.hikari.HikariDataSource       : product - Start completed.
2023-05-17T00:30:52.065+05:30  WARN 28868 --- [restartedMain] org.hibernate.dialect.Dialect            : HHH000511: The 5.0.0 version for [org.hibernate.dialect.MySQL5Dialect] is no longer supported, hence certain features may not work properly. The minimum supported version is 5.7.0. Check the community dialects project for available legacy versions.
2023-05-17T00:30:52.068+05:30  INFO 28868 --- [restartedMain] SQL dialect                              : HHH000400: Using dialect: org.hibernate.dialect.MySQL5Dialect
2023-05-17T00:30:52.069+05:30  WARN 28868 --- [restartedMain] org.hibernate.orm.deprecation            : HHH90000026: MySQL5Dialect has been deprecated; use org.hibernate.dialect.MySQLDialect instead
2023-05-17T00:30:52.293+05:30  INFO 28868 --- [restartedMain] o.h.e.t.j.p.i.JtaPlatformInitiator       : HHH000490: Using JtaPlatform implementation: [org.hibernate.engine.transaction.jta.platform.internal.NoJtaPlatform]
2023-05-17T00:30:52.311+05:30  INFO 28868 --- [restartedMain] j.LocalContainerEntityManagerFactoryBean : Initialized JPA EntityManagerFactory for persistence unit 'default'
2023-05-17T00:30:52.576+05:30  WARN 28868 --- [restartedMain] JpaBaseConfiguration$JpaWebConfiguration : spring.jpa.open-in-view is enabled by default. Therefore, database queries may be performed during view rendering. Explicitly configure spring.jpa.open-in-view to disable this warning
2023-05-17T00:30:54.106+05:30  WARN 28868 --- [restartedMain] o.s.b.d.a.OptionalLiveReloadServer       : Unable to start LiveReload server
2023-05-17T00:30:54.572+05:30  INFO 28868 --- [restartedMain] DiscoveryClientOptionalArgsConfiguration : Eureka HTTP Client uses RestTemplate.
2023-05-17T00:30:54.615+05:30  WARN 28868 --- [restartedMain] iguration$LoadBalancerCaffeineWarnLogger : Spring Cloud LoadBalancer is currently working with the default cache. While this cache implementation is useful for development and tests, it's recommended to use Caffeine cache in production.You can switch to using Caffeine cache, by adding it and org.springframework.cache.caffeine.CaffeineCacheManager to the classpath.
2023-05-17T00:30:54.640+05:30  INFO 28868 --- [restartedMain] o.s.b.a.e.web.EndpointLinksResolver      : Exposing 17 endpoint(s) beneath base path '/actuator'
2023-05-17T00:30:54.727+05:30  INFO 28868 --- [restartedMain] o.s.c.n.eureka.InstanceInfoFactory       : Setting initial instance status as: STARTING
2023-05-17T00:30:54.734+05:30  INFO 28868 --- [restartedMain] com.netflix.discovery.DiscoveryClient    : Initializing Eureka in region us-east-1
2023-05-17T00:30:54.735+05:30  INFO 28868 --- [restartedMain] c.n.d.s.r.aws.ConfigClusterResolver      : Resolving eureka endpoints via configuration
2023-05-17T00:30:54.740+05:30  INFO 28868 --- [restartedMain] com.netflix.discovery.DiscoveryClient    : Disable delta property : false
2023-05-17T00:30:54.750+05:30  INFO 28868 --- [restartedMain] com.netflix.discovery.DiscoveryClient    : Single vip registry refresh property : null
2023-05-17T00:30:54.754+05:30  INFO 28868 --- [restartedMain] com.netflix.discovery.DiscoveryClient    : Force full registry fetch : false
2023-05-17T00:30:54.755+05:30  INFO 28868 --- [restartedMain] com.netflix.discovery.DiscoveryClient    : Application is null : false
2023-05-17T00:30:54.757+05:30  INFO 28868 --- [restartedMain] com.netflix.discovery.DiscoveryClient    : Registered Applications size is zero : true
2023-05-17T00:30:54.763+05:30  INFO 28868 --- [restartedMain] com.netflix.discovery.DiscoveryClient    : Application version is -1: true
2023-05-17T00:30:54.769+05:30  INFO 28868 --- [restartedMain] com.netflix.discovery.DiscoveryClient    : Getting all instance registry info from the eureka server
2023-05-17T00:30:54.815+05:30  INFO 28868 --- [restartedMain] com.netflix.discovery.DiscoveryClient    : The response status is 200
2023-05-17T00:30:54.821+05:30  INFO 28868 --- [restartedMain] com.netflix.discovery.DiscoveryClient    : Starting heartbeat executor: renew interval is: 30
2023-05-17T00:30:54.825+05:30  INFO 28868 --- [restartedMain] c.n.discovery.InstanceInfoReplicator     : InstanceInfoReplicator onDemand update allowed rate per min is 4
2023-05-17T00:30:54.829+05:30  INFO 28868 --- [restartedMain] com.netflix.discovery.DiscoveryClient    : Discovery Client initialized at timestamp 1684263654829 with initial instances count: 5
2023-05-17T00:30:54.833+05:30  INFO 28868 --- [restartedMain] o.s.c.n.e.s.EurekaServiceRegistry        : Registering application INDUSTRY-SERVICE with eureka with status UP
2023-05-17T00:30:54.835+05:30  INFO 28868 --- [restartedMain] com.netflix.discovery.DiscoveryClient    : Saw local status change event StatusChangeEvent [timestamp=1684263654835, current=UP, previous=STARTING]
2023-05-17T00:30:54.837+05:30  INFO 28868 --- [DiscoveryClient-InstanceInfoReplicator-0] com.netflix.discovery.DiscoveryClient    : DiscoveryClient_INDUSTRY-SERVICE/192.168.1.7:INDUSTRY-SERVICE:8085: registering service...
2023-05-17T00:30:54.849+05:30  INFO 28868 --- [restartedMain] o.s.b.w.embedded.tomcat.TomcatWebServer  : Tomcat started on port(s): 8085 (http) with context path ''
2023-05-17T00:30:54.856+05:30  INFO 28868 --- [restartedMain] .s.c.n.e.s.EurekaAutoServiceRegistration : Updating port to 8085
2023-05-17T00:30:54.876+05:30  INFO 28868 --- [DiscoveryClient-InstanceInfoReplicator-0] com.netflix.discovery.DiscoveryClient    : DiscoveryClient_INDUSTRY-SERVICE/192.168.1.7:INDUSTRY-SERVICE:8085 - registration status: 204
2023-05-17T00:30:55.352+05:30  INFO 28868 --- [restartedMain] c.e.I.IndustryTypeApplication            : Started IndustryTypeApplication in 10.563 seconds (process running for 2223.255)
2023-05-17T00:30:55.373+05:30  INFO 28868 --- [restartedMain] .ConditionEvaluationDeltaLoggingListener : Condition evaluation delta:


==========================
CONDITION EVALUATION DELTA
==========================


Positive matches:
-----------------

    None


Negative matches:
-----------------

   ConfigClientAutoConfiguration#configClientProperties:
      Did not match:
         - @ConditionalOnMissingBean (types: org.springframework.cloud.config.client.ConfigClientProperties; SearchStrategy: all) found beans of type 'org.springframework.cloud.config.client.ConfigClientProperties' configDataConfigClientProperties (OnBeanCondition)


Exclusions:
-----------

    None


Unconditional classes:
----------------------

    None



2023-05-17T00:30:55.551+05:30  WARN 28868 --- [registrationTask1] d.c.b.a.c.r.ApplicationRegistrator       : Failed to register application as Application(name=INDUSTRY-SERVICE, managementUrl=http://192.168.1.7:8085/actuator, healthUrl=http://192.168.1.7:8085/actuator/health, serviceUrl=http://192.168.1.7:8085/) at spring-boot-admin ([http://localhost:8082/instances]): I/O error on POST request for "http://localhost:8082/instances": Connect to http://localhost:8082 [localhost/127.0.0.1, localhost/0:0:0:0:0:0:0:1] failed: Connection refused: no further information. Further attempts are logged on DEBUG level
2023-05-17T00:31:13.833+05:30  INFO 28868 --- [http-nio-8085-exec-3] o.a.c.c.C.[Tomcat].[localhost].[/]       : Initializing Spring DispatcherServlet 'dispatcherServlet'
2023-05-17T00:31:13.836+05:30  INFO 28868 --- [http-nio-8085-exec-3] o.s.web.servlet.DispatcherServlet        : Initializing Servlet 'dispatcherServlet'
2023-05-17T00:31:13.846+05:30  INFO 28868 --- [http-nio-8085-exec-3] o.s.web.servlet.DispatcherServlet        : Completed initialization in 9 ms
2023-05-17T00:31:14.230+05:30  INFO 28868 --- [http-nio-8085-exec-3] c.e.I.services.IndustryTypeServices      : [{companyId=1, companyName=Domino's, industryTypeId=1, products=[{productId=1, productName=pizza, companyId=1}, {productId=2, productName=Garlic Bread, companyId=1}, {productId=3, productName=Choco Lava Cake, companyId=1}]}, {companyId=3, companyName=Burger King, industryTypeId=1, products=[{productId=7, productName=Fries, companyId=3}, {productId=8, productName=Coffee, companyId=3}, {productId=9, productName=Burger, companyId=3}]}] 
2023-05-17T00:31:24.113+05:30  INFO 28868 --- [http-nio-8085-exec-4] c.e.I.services.IndustryTypeServices      : [{companyId=1, companyName=Domino's, industryTypeId=1, products=[{productId=1, productName=pizza, companyId=1}, {productId=2, productName=Garlic Bread, companyId=1}, {productId=3, productName=Choco Lava Cake, companyId=1}]}, {companyId=3, companyName=Burger King, industryTypeId=1, products=[{productId=7, productName=Fries, companyId=3}, {productId=8, productName=Coffee, companyId=3}, {productId=9, productName=Burger, companyId=3}]}] 
2023-05-17T00:33:10.167+05:30  INFO 28868 --- [http-nio-8085-exec-8] c.e.I.services.IndustryTypeServices      : [{companyId=1, companyName=Domino's, industryTypeId=1, products=[{productId=1, productName=pizza, companyId=1}, {productId=2, productName=Garlic Bread, companyId=1}, {productId=3, productName=Choco Lava Cake, companyId=1}]}, {companyId=3, companyName=Burger King, industryTypeId=1, products=[{productId=7, productName=Fries, companyId=3}, {productId=8, productName=Coffee, companyId=3}, {productId=9, productName=Burger, companyId=3}]}] 
2023-05-17T00:33:13.556+05:30  INFO 28868 --- [http-nio-8085-exec-2] c.e.I.services.IndustryTypeServices      : [{companyId=2, companyName=Dove, industryTypeId=2, products=[{productId=4, productName=Shampoo, companyId=2}, {productId=5, productName=Conditioner, companyId=2}, {productId=6, productName=Soap, companyId=2}]}] 
2023-05-17T00:35:54.802+05:30  INFO 28868 --- [AsyncResolver-bootstrap-executor-0] c.n.d.s.r.aws.ConfigClusterResolver      : Resolving eureka endpoints via configuration
2023-05-17T00:40:54.821+05:30  INFO 28868 --- [AsyncResolver-bootstrap-executor-0] c.n.d.s.r.aws.ConfigClusterResolver      : Resolving eureka endpoints via configuration
2023-05-17T00:45:54.856+05:30  INFO 28868 --- [AsyncResolver-bootstrap-executor-0] c.n.d.s.r.aws.ConfigClusterResolver      : Resolving eureka endpoints via configuration
2023-05-17T00:46:29.990+05:30  INFO 28868 --- [File Watcher] rtingClassPathChangeChangedEventListener : Restarting due to 13 class path changes (0 additions, 13 deletions, 0 modifications)
2023-05-17T00:46:30.261+05:30  INFO 28868 --- [Thread-37] o.s.c.n.e.s.EurekaServiceRegistry        : Unregistering application INDUSTRY-SERVICE with eureka with status DOWN
2023-05-17T00:46:30.596+05:30  INFO 28868 --- [Thread-37] com.netflix.discovery.DiscoveryClient    : Saw local status change event StatusChangeEvent [timestamp=1684264590594, current=DOWN, previous=UP]
2023-05-17T00:46:30.616+05:30  INFO 28868 --- [DiscoveryClient-InstanceInfoReplicator-0] com.netflix.discovery.DiscoveryClient    : DiscoveryClient_INDUSTRY-SERVICE/192.168.1.7:INDUSTRY-SERVICE:8085: registering service...
2023-05-17T00:46:30.685+05:30  INFO 28868 --- [DiscoveryClient-InstanceInfoReplicator-0] com.netflix.discovery.DiscoveryClient    : DiscoveryClient_INDUSTRY-SERVICE/192.168.1.7:INDUSTRY-SERVICE:8085 - registration status: 204
2023-05-17T00:46:31.850+05:30  INFO 28868 --- [Thread-37] o.apache.catalina.core.StandardService   : Stopping service [Tomcat]
2023-05-17T00:46:31.886+05:30  INFO 28868 --- [Thread-37] o.a.c.c.C.[Tomcat].[localhost].[/]       : Destroying Spring FrameworkServlet 'dispatcherServlet'
2023-05-17T00:46:32.346+05:30  WARN 28868 --- [Thread-37] o.a.c.loader.WebappClassLoaderBase       : The web application [ROOT] appears to have started a thread named [pool-47-thread-1] but has failed to stop it. This is very likely to create a memory leak. Stack trace of thread:
 java.base@17.0.7/jdk.internal.misc.Unsafe.park(Native Method)
 java.base@17.0.7/java.util.concurrent.locks.LockSupport.park(Unknown Source)
 java.base@17.0.7/java.util.concurrent.locks.AbstractQueuedSynchronizer$ConditionNode.block(Unknown Source)
 java.base@17.0.7/java.util.concurrent.ForkJoinPool.unmanagedBlock(Unknown Source)
 java.base@17.0.7/java.util.concurrent.ForkJoinPool.managedBlock(Unknown Source)
 java.base@17.0.7/java.util.concurrent.locks.AbstractQueuedSynchronizer$ConditionObject.await(Unknown Source)
 java.base@17.0.7/java.util.concurrent.ScheduledThreadPoolExecutor$DelayedWorkQueue.take(Unknown Source)
 java.base@17.0.7/java.util.concurrent.ScheduledThreadPoolExecutor$DelayedWorkQueue.take(Unknown Source)
 java.base@17.0.7/java.util.concurrent.ThreadPoolExecutor.getTask(Unknown Source)
 java.base@17.0.7/java.util.concurrent.ThreadPoolExecutor.runWorker(Unknown Source)
 java.base@17.0.7/java.util.concurrent.ThreadPoolExecutor$Worker.run(Unknown Source)
 java.base@17.0.7/java.lang.Thread.run(Unknown Source)
2023-05-17T00:46:32.922+05:30  INFO 28868 --- [Thread-37] j.LocalContainerEntityManagerFactoryBean : Closing JPA EntityManagerFactory for persistence unit 'default'
2023-05-17T00:46:33.155+05:30  INFO 28868 --- [Thread-37] com.zaxxer.hikari.HikariDataSource       : product - Shutdown initiated...
2023-05-17T00:46:33.206+05:30  INFO 28868 --- [Thread-37] com.zaxxer.hikari.HikariDataSource       : product - Shutdown completed.
2023-05-17T00:46:33.376+05:30  INFO 28868 --- [Thread-37] com.netflix.discovery.DiscoveryClient    : Shutting down DiscoveryClient ...
2023-05-17T00:46:36.606+05:30  INFO 28868 --- [Thread-37] com.netflix.discovery.DiscoveryClient    : Unregistering ...
2023-05-17T00:46:36.620+05:30  INFO 28868 --- [Thread-37] com.netflix.discovery.DiscoveryClient    : DiscoveryClient_INDUSTRY-SERVICE/192.168.1.7:INDUSTRY-SERVICE:8085 - deregister  status: 200
2023-05-17T00:46:36.650+05:30  INFO 28868 --- [Thread-37] com.netflix.discovery.DiscoveryClient    : Completed shut down of DiscoveryClient
2023-05-17T00:46:48.738+05:30  INFO 28868 --- [restartedMain] c.e.I.IndustryTypeApplication            : Starting IndustryTypeApplication using Java 17.0.7 with PID 28868 (C:\Users\sarthak.aggarwal\Downloads\IndustryType\IndustryType\target\classes started by sarthak.aggarwal in C:\Users\sarthak.aggarwal\Downloads\IndustryType\IndustryType)
2023-05-17T00:46:49.173+05:30  INFO 28868 --- [restartedMain] c.e.I.IndustryTypeApplication            : No active profile set, falling back to 1 default profile: "default"
2023-05-17T00:46:49.334+05:30  INFO 28868 --- [restartedMain] o.s.c.c.c.ConfigServerConfigDataLoader   : Fetching config from server at : http://localhost:8087
2023-05-17T00:46:49.339+05:30  INFO 28868 --- [restartedMain] o.s.c.c.c.ConfigServerConfigDataLoader   : Located environment: name=INDUSTRY-SERVICE, profiles=[default], label=null, version=2ffac8af20e25841d52a81f2ef98d785ab8c7a60, state=null
2023-05-17T00:46:59.830+05:30  INFO 28868 --- [restartedMain] .s.d.r.c.RepositoryConfigurationDelegate : Bootstrapping Spring Data JPA repositories in DEFAULT mode.
2023-05-17T00:47:00.204+05:30  INFO 28868 --- [restartedMain] .s.d.r.c.RepositoryConfigurationDelegate : Finished Spring Data repository scanning in 43 ms. Found 1 JPA repository interfaces.
2023-05-17T00:47:02.165+05:30  INFO 28868 --- [restartedMain] o.s.cloud.context.scope.GenericScope     : BeanFactory id=b6880109-4a82-3d64-99d5-e724ebbd9b4b
2023-05-17T00:47:03.740+05:30  INFO 28868 --- [restartedMain] o.s.b.w.embedded.tomcat.TomcatWebServer  : Tomcat initialized with port(s): 8085 (http)
2023-05-17T00:47:04.279+05:30  INFO 28868 --- [restartedMain] o.apache.catalina.core.StandardService   : Starting service [Tomcat]
2023-05-17T00:47:04.281+05:30  INFO 28868 --- [restartedMain] o.apache.catalina.core.StandardEngine    : Starting Servlet engine: [Apache Tomcat/10.1.8]
2023-05-17T00:47:05.444+05:30  INFO 28868 --- [restartedMain] o.a.c.c.C.[Tomcat].[localhost].[/]       : Initializing Spring embedded WebApplicationContext
2023-05-17T00:47:05.445+05:30  INFO 28868 --- [restartedMain] w.s.c.ServletWebServerApplicationContext : Root WebApplicationContext: initialization completed in 15888 ms
2023-05-17T00:47:07.284+05:30  INFO 28868 --- [restartedMain] o.hibernate.jpa.internal.util.LogHelper  : HHH000204: Processing PersistenceUnitInfo [name: default]
2023-05-17T00:47:11.808+05:30  INFO 28868 --- [restartedMain] com.zaxxer.hikari.HikariDataSource       : product - Starting...
2023-05-17T00:47:12.969+05:30  INFO 28868 --- [restartedMain] com.zaxxer.hikari.pool.HikariPool        : product - Added connection com.mysql.cj.jdbc.ConnectionImpl@5b02a1c
2023-05-17T00:47:12.977+05:30  INFO 28868 --- [restartedMain] com.zaxxer.hikari.HikariDataSource       : product - Start completed.
2023-05-17T00:47:12.994+05:30  WARN 28868 --- [restartedMain] org.hibernate.dialect.Dialect            : HHH000511: The 5.0.0 version for [org.hibernate.dialect.MySQL5Dialect] is no longer supported, hence certain features may not work properly. The minimum supported version is 5.7.0. Check the community dialects project for available legacy versions.
2023-05-17T00:47:12.996+05:30  INFO 28868 --- [restartedMain] SQL dialect                              : HHH000400: Using dialect: org.hibernate.dialect.MySQL5Dialect
2023-05-17T00:47:12.997+05:30  WARN 28868 --- [restartedMain] org.hibernate.orm.deprecation            : HHH90000026: MySQL5Dialect has been deprecated; use org.hibernate.dialect.MySQLDialect instead
2023-05-17T00:47:13.899+05:30  INFO 28868 --- [restartedMain] o.h.e.t.j.p.i.JtaPlatformInitiator       : HHH000490: Using JtaPlatform implementation: [org.hibernate.engine.transaction.jta.platform.internal.NoJtaPlatform]
2023-05-17T00:47:14.156+05:30  INFO 28868 --- [restartedMain] j.LocalContainerEntityManagerFactoryBean : Initialized JPA EntityManagerFactory for persistence unit 'default'
2023-05-17T00:47:15.679+05:30  WARN 28868 --- [restartedMain] JpaBaseConfiguration$JpaWebConfiguration : spring.jpa.open-in-view is enabled by default. Therefore, database queries may be performed during view rendering. Explicitly configure spring.jpa.open-in-view to disable this warning
2023-05-17T00:47:25.272+05:30  WARN 28868 --- [restartedMain] o.s.b.d.a.OptionalLiveReloadServer       : Unable to start LiveReload server
2023-05-17T00:47:29.444+05:30  INFO 28868 --- [restartedMain] DiscoveryClientOptionalArgsConfiguration : Eureka HTTP Client uses RestTemplate.
2023-05-17T00:47:29.809+05:30  WARN 28868 --- [restartedMain] iguration$LoadBalancerCaffeineWarnLogger : Spring Cloud LoadBalancer is currently working with the default cache. While this cache implementation is useful for development and tests, it's recommended to use Caffeine cache in production.You can switch to using Caffeine cache, by adding it and org.springframework.cache.caffeine.CaffeineCacheManager to the classpath.
2023-05-17T00:47:29.944+05:30  INFO 28868 --- [restartedMain] o.s.b.a.e.web.EndpointLinksResolver      : Exposing 17 endpoint(s) beneath base path '/actuator'
2023-05-17T00:47:30.317+05:30  INFO 28868 --- [restartedMain] o.s.c.n.eureka.InstanceInfoFactory       : Setting initial instance status as: STARTING
2023-05-17T00:47:30.325+05:30  INFO 28868 --- [restartedMain] com.netflix.discovery.DiscoveryClient    : Initializing Eureka in region us-east-1
2023-05-17T00:47:30.328+05:30  INFO 28868 --- [restartedMain] c.n.d.s.r.aws.ConfigClusterResolver      : Resolving eureka endpoints via configuration
2023-05-17T00:47:30.333+05:30  INFO 28868 --- [restartedMain] com.netflix.discovery.DiscoveryClient    : Disable delta property : false
2023-05-17T00:47:30.497+05:30  INFO 28868 --- [restartedMain] com.netflix.discovery.DiscoveryClient    : Single vip registry refresh property : null
2023-05-17T00:47:30.645+05:30  INFO 28868 --- [restartedMain] com.netflix.discovery.DiscoveryClient    : Force full registry fetch : false
2023-05-17T00:47:30.805+05:30  INFO 28868 --- [restartedMain] com.netflix.discovery.DiscoveryClient    : Application is null : false
2023-05-17T00:47:30.954+05:30  INFO 28868 --- [restartedMain] com.netflix.discovery.DiscoveryClient    : Registered Applications size is zero : true
2023-05-17T00:47:31.108+05:30  INFO 28868 --- [restartedMain] com.netflix.discovery.DiscoveryClient    : Application version is -1: true
2023-05-17T00:47:31.109+05:30  INFO 28868 --- [restartedMain] com.netflix.discovery.DiscoveryClient    : Getting all instance registry info from the eureka server
2023-05-17T00:47:31.616+05:30  INFO 28868 --- [restartedMain] com.netflix.discovery.DiscoveryClient    : The response status is 200
2023-05-17T00:47:31.796+05:30  INFO 28868 --- [restartedMain] com.netflix.discovery.DiscoveryClient    : Starting heartbeat executor: renew interval is: 30
2023-05-17T00:47:31.800+05:30  INFO 28868 --- [restartedMain] c.n.discovery.InstanceInfoReplicator     : InstanceInfoReplicator onDemand update allowed rate per min is 4
2023-05-17T00:47:31.808+05:30  INFO 28868 --- [restartedMain] com.netflix.discovery.DiscoveryClient    : Discovery Client initialized at timestamp 1684264651808 with initial instances count: 4
2023-05-17T00:47:31.811+05:30  INFO 28868 --- [restartedMain] o.s.c.n.e.s.EurekaServiceRegistry        : Registering application INDUSTRY-SERVICE with eureka with status UP
2023-05-17T00:47:31.814+05:30  INFO 28868 --- [restartedMain] com.netflix.discovery.DiscoveryClient    : Saw local status change event StatusChangeEvent [timestamp=1684264651814, current=UP, previous=STARTING]
2023-05-17T00:47:31.815+05:30  INFO 28868 --- [DiscoveryClient-InstanceInfoReplicator-0] com.netflix.discovery.DiscoveryClient    : DiscoveryClient_INDUSTRY-SERVICE/192.168.1.7:INDUSTRY-SERVICE:8085: registering service...
2023-05-17T00:47:31.831+05:30  INFO 28868 --- [restartedMain] o.s.b.w.embedded.tomcat.TomcatWebServer  : Tomcat started on port(s): 8085 (http) with context path ''
2023-05-17T00:47:31.843+05:30  INFO 28868 --- [DiscoveryClient-InstanceInfoReplicator-0] com.netflix.discovery.DiscoveryClient    : DiscoveryClient_INDUSTRY-SERVICE/192.168.1.7:INDUSTRY-SERVICE:8085 - registration status: 204
2023-05-17T00:47:34.385+05:30  INFO 28868 --- [restartedMain] .s.c.n.e.s.EurekaAutoServiceRegistration : Updating port to 8085
2023-05-17T00:47:36.405+05:30  INFO 28868 --- [File Watcher] rtingClassPathChangeChangedEventListener : Restarting due to 13 class path changes (0 additions, 1 deletion, 12 modifications)
2023-05-17T00:47:39.228+05:30  INFO 28868 --- [restartedMain] c.e.I.IndustryTypeApplication            : Started IndustryTypeApplication in 59.552 seconds (process running for 3227.131)
2023-05-17T00:47:39.233+05:30  INFO 28868 --- [Thread-46] o.s.c.n.e.s.EurekaServiceRegistry        : Unregistering application INDUSTRY-SERVICE with eureka with status DOWN
2023-05-17T00:47:39.559+05:30  INFO 28868 --- [Thread-46] com.netflix.discovery.DiscoveryClient    : Saw local status change event StatusChangeEvent [timestamp=1684264659559, current=DOWN, previous=UP]
2023-05-17T00:47:39.568+05:30  INFO 28868 --- [DiscoveryClient-InstanceInfoReplicator-0] com.netflix.discovery.DiscoveryClient    : DiscoveryClient_INDUSTRY-SERVICE/192.168.1.7:INDUSTRY-SERVICE:8085: registering service...
2023-05-17T00:47:39.571+05:30  INFO 28868 --- [restartedMain] .ConditionEvaluationDeltaLoggingListener : Condition evaluation unchanged
2023-05-17T00:47:39.616+05:30  INFO 28868 --- [DiscoveryClient-InstanceInfoReplicator-0] com.netflix.discovery.DiscoveryClient    : DiscoveryClient_INDUSTRY-SERVICE/192.168.1.7:INDUSTRY-SERVICE:8085 - registration status: 204
2023-05-17T00:47:39.955+05:30  INFO 28868 --- [Thread-46] o.apache.catalina.core.StandardService   : Stopping service [Tomcat]
2023-05-17T00:47:39.966+05:30  INFO 28868 --- [Thread-46] j.LocalContainerEntityManagerFactoryBean : Closing JPA EntityManagerFactory for persistence unit 'default'
2023-05-17T00:47:39.968+05:30  INFO 28868 --- [Thread-46] com.zaxxer.hikari.HikariDataSource       : product - Shutdown initiated...
2023-05-17T00:47:40.473+05:30  INFO 28868 --- [Thread-46] com.zaxxer.hikari.HikariDataSource       : product - Shutdown completed.
2023-05-17T00:47:40.592+05:30  INFO 28868 --- [Thread-46] com.netflix.discovery.DiscoveryClient    : Shutting down DiscoveryClient ...
2023-05-17T00:47:43.614+05:30  INFO 28868 --- [Thread-46] com.netflix.discovery.DiscoveryClient    : Unregistering ...
2023-05-17T00:47:43.823+05:30  INFO 28868 --- [Thread-46] com.netflix.discovery.DiscoveryClient    : DiscoveryClient_INDUSTRY-SERVICE/192.168.1.7:INDUSTRY-SERVICE:8085 - deregister  status: 200
2023-05-17T00:47:43.833+05:30  INFO 28868 --- [Thread-46] com.netflix.discovery.DiscoveryClient    : Completed shut down of DiscoveryClient
2023-05-17T00:47:47.047+05:30 ERROR 28868 --- [restartedMain] o.s.b.d.LoggingFailureAnalysisReporter   : 

***************************
APPLICATION FAILED TO START
***************************

Description:

No spring.config.import property has been defined

Action:

Add a spring.config.import=configserver: property to your configuration.
	If configuration is not required add spring.config.import=optional:configserver: instead.
	To disable this check, set spring.cloud.config.enabled=false or 
	spring.cloud.config.import-check.enabled=false.

2023-05-17T09:28:54.387+05:30 ERROR 28868 --- [restartedMain] o.s.b.d.LoggingFailureAnalysisReporter   : 

***************************
APPLICATION FAILED TO START
***************************

Description:

No spring.config.import property has been defined

Action:

Add a spring.config.import=configserver: property to your configuration.
	If configuration is not required add spring.config.import=optional:configserver: instead.
	To disable this check, set spring.cloud.config.enabled=false or 
	spring.cloud.config.import-check.enabled=false.

2023-05-17T09:29:20.130+05:30  INFO 28868 --- [restartedMain] c.e.I.IndustryTypeApplication            : Starting IndustryTypeApplication using Java 17.0.7 with PID 28868 (C:\Users\sarthak.aggarwal\Downloads\IndustryType\IndustryType\target\classes started by sarthak.aggarwal in C:\Users\sarthak.aggarwal\Downloads\IndustryType\IndustryType)
2023-05-17T09:29:20.532+05:30  INFO 28868 --- [restartedMain] c.e.I.IndustryTypeApplication            : No active profile set, falling back to 1 default profile: "default"
2023-05-17T09:29:20.894+05:30  INFO 28868 --- [restartedMain] o.s.c.c.c.ConfigServerConfigDataLoader   : Fetching config from server at : http://localhost:8087
2023-05-17T09:29:20.896+05:30  INFO 28868 --- [restartedMain] o.s.c.c.c.ConfigServerConfigDataLoader   : Located environment: name=INDUSTRY-SERVICE, profiles=[default], label=null, version=2ffac8af20e25841d52a81f2ef98d785ab8c7a60, state=null
2023-05-17T09:29:28.515+05:30  INFO 28868 --- [restartedMain] .s.d.r.c.RepositoryConfigurationDelegate : Bootstrapping Spring Data JPA repositories in DEFAULT mode.
2023-05-17T09:29:29.128+05:30  INFO 28868 --- [restartedMain] .s.d.r.c.RepositoryConfigurationDelegate : Finished Spring Data repository scanning in 330 ms. Found 1 JPA repository interfaces.
2023-05-17T09:29:30.005+05:30  INFO 28868 --- [restartedMain] o.s.cloud.context.scope.GenericScope     : BeanFactory id=b6880109-4a82-3d64-99d5-e724ebbd9b4b
2023-05-17T09:29:31.376+05:30  INFO 28868 --- [restartedMain] o.s.b.w.embedded.tomcat.TomcatWebServer  : Tomcat initialized with port(s): 8085 (http)
2023-05-17T09:29:31.386+05:30  INFO 28868 --- [restartedMain] o.apache.catalina.core.StandardService   : Starting service [Tomcat]
2023-05-17T09:29:31.470+05:30  INFO 28868 --- [restartedMain] o.apache.catalina.core.StandardEngine    : Starting Servlet engine: [Apache Tomcat/10.1.8]
2023-05-17T09:29:31.969+05:30  INFO 28868 --- [restartedMain] o.a.c.c.C.[Tomcat].[localhost].[/]       : Initializing Spring embedded WebApplicationContext
2023-05-17T09:29:31.971+05:30  INFO 28868 --- [restartedMain] w.s.c.ServletWebServerApplicationContext : Root WebApplicationContext: initialization completed in 10926 ms
2023-05-17T09:29:32.915+05:30  INFO 28868 --- [restartedMain] o.hibernate.jpa.internal.util.LogHelper  : HHH000204: Processing PersistenceUnitInfo [name: default]
2023-05-17T09:29:40.590+05:30  INFO 28868 --- [restartedMain] com.zaxxer.hikari.HikariDataSource       : product - Starting...
2023-05-17T09:29:40.686+05:30  INFO 28868 --- [restartedMain] com.zaxxer.hikari.pool.HikariPool        : product - Added connection com.mysql.cj.jdbc.ConnectionImpl@71debade
2023-05-17T09:29:40.688+05:30  INFO 28868 --- [restartedMain] com.zaxxer.hikari.HikariDataSource       : product - Start completed.
2023-05-17T09:29:40.695+05:30  WARN 28868 --- [restartedMain] org.hibernate.dialect.Dialect            : HHH000511: The 5.0.0 version for [org.hibernate.dialect.MySQL5Dialect] is no longer supported, hence certain features may not work properly. The minimum supported version is 5.7.0. Check the community dialects project for available legacy versions.
2023-05-17T09:29:40.698+05:30  INFO 28868 --- [restartedMain] SQL dialect                              : HHH000400: Using dialect: org.hibernate.dialect.MySQL5Dialect
2023-05-17T09:29:40.700+05:30  WARN 28868 --- [restartedMain] org.hibernate.orm.deprecation            : HHH90000026: MySQL5Dialect has been deprecated; use org.hibernate.dialect.MySQLDialect instead
2023-05-17T09:29:41.134+05:30  INFO 28868 --- [restartedMain] o.h.e.t.j.p.i.JtaPlatformInitiator       : HHH000490: Using JtaPlatform implementation: [org.hibernate.engine.transaction.jta.platform.internal.NoJtaPlatform]
2023-05-17T09:29:41.184+05:30  INFO 28868 --- [restartedMain] j.LocalContainerEntityManagerFactoryBean : Initialized JPA EntityManagerFactory for persistence unit 'default'
2023-05-17T09:29:41.611+05:30  WARN 28868 --- [restartedMain] JpaBaseConfiguration$JpaWebConfiguration : spring.jpa.open-in-view is enabled by default. Therefore, database queries may be performed during view rendering. Explicitly configure spring.jpa.open-in-view to disable this warning
2023-05-17T09:29:44.119+05:30  WARN 28868 --- [restartedMain] o.s.b.d.a.OptionalLiveReloadServer       : Unable to start LiveReload server
2023-05-17T09:29:45.132+05:30  INFO 28868 --- [restartedMain] DiscoveryClientOptionalArgsConfiguration : Eureka HTTP Client uses RestTemplate.
2023-05-17T09:29:45.176+05:30  WARN 28868 --- [restartedMain] iguration$LoadBalancerCaffeineWarnLogger : Spring Cloud LoadBalancer is currently working with the default cache. While this cache implementation is useful for development and tests, it's recommended to use Caffeine cache in production.You can switch to using Caffeine cache, by adding it and org.springframework.cache.caffeine.CaffeineCacheManager to the classpath.
2023-05-17T09:29:45.182+05:30  INFO 28868 --- [restartedMain] o.s.b.a.e.web.EndpointLinksResolver      : Exposing 17 endpoint(s) beneath base path '/actuator'
2023-05-17T09:29:45.241+05:30  INFO 28868 --- [restartedMain] o.s.c.n.eureka.InstanceInfoFactory       : Setting initial instance status as: STARTING
2023-05-17T09:29:45.267+05:30  INFO 28868 --- [restartedMain] com.netflix.discovery.DiscoveryClient    : Initializing Eureka in region us-east-1
2023-05-17T09:29:45.271+05:30  INFO 28868 --- [restartedMain] c.n.d.s.r.aws.ConfigClusterResolver      : Resolving eureka endpoints via configuration
2023-05-17T09:29:45.277+05:30  INFO 28868 --- [restartedMain] com.netflix.discovery.DiscoveryClient    : Disable delta property : false
2023-05-17T09:29:45.278+05:30  INFO 28868 --- [restartedMain] com.netflix.discovery.DiscoveryClient    : Single vip registry refresh property : null
2023-05-17T09:29:45.299+05:30  INFO 28868 --- [restartedMain] com.netflix.discovery.DiscoveryClient    : Force full registry fetch : false
2023-05-17T09:29:45.316+05:30  INFO 28868 --- [restartedMain] com.netflix.discovery.DiscoveryClient    : Application is null : false
2023-05-17T09:29:45.323+05:30  INFO 28868 --- [restartedMain] com.netflix.discovery.DiscoveryClient    : Registered Applications size is zero : true
2023-05-17T09:29:45.328+05:30  INFO 28868 --- [restartedMain] com.netflix.discovery.DiscoveryClient    : Application version is -1: true
2023-05-17T09:29:45.329+05:30  INFO 28868 --- [restartedMain] com.netflix.discovery.DiscoveryClient    : Getting all instance registry info from the eureka server
2023-05-17T09:29:45.378+05:30  INFO 28868 --- [restartedMain] com.netflix.discovery.DiscoveryClient    : The response status is 200
2023-05-17T09:29:45.379+05:30  INFO 28868 --- [restartedMain] com.netflix.discovery.DiscoveryClient    : Starting heartbeat executor: renew interval is: 30
2023-05-17T09:29:45.382+05:30  INFO 28868 --- [restartedMain] c.n.discovery.InstanceInfoReplicator     : InstanceInfoReplicator onDemand update allowed rate per min is 4
2023-05-17T09:29:45.385+05:30  INFO 28868 --- [restartedMain] com.netflix.discovery.DiscoveryClient    : Discovery Client initialized at timestamp 1684295985385 with initial instances count: 4
2023-05-17T09:29:45.388+05:30  INFO 28868 --- [restartedMain] o.s.c.n.e.s.EurekaServiceRegistry        : Registering application INDUSTRY-SERVICE with eureka with status UP
2023-05-17T09:29:45.390+05:30  INFO 28868 --- [restartedMain] com.netflix.discovery.DiscoveryClient    : Saw local status change event StatusChangeEvent [timestamp=1684295985390, current=UP, previous=STARTING]
2023-05-17T09:29:45.391+05:30  INFO 28868 --- [DiscoveryClient-InstanceInfoReplicator-0] com.netflix.discovery.DiscoveryClient    : DiscoveryClient_INDUSTRY-SERVICE/192.168.1.7:INDUSTRY-SERVICE:8085: registering service...
2023-05-17T09:29:45.405+05:30  INFO 28868 --- [restartedMain] o.s.b.w.embedded.tomcat.TomcatWebServer  : Tomcat started on port(s): 8085 (http) with context path ''
2023-05-17T09:29:45.408+05:30  INFO 28868 --- [restartedMain] .s.c.n.e.s.EurekaAutoServiceRegistration : Updating port to 8085
2023-05-17T09:29:45.450+05:30  INFO 28868 --- [DiscoveryClient-InstanceInfoReplicator-0] com.netflix.discovery.DiscoveryClient    : DiscoveryClient_INDUSTRY-SERVICE/192.168.1.7:INDUSTRY-SERVICE:8085 - registration status: 204
2023-05-17T09:29:46.032+05:30  INFO 28868 --- [restartedMain] c.e.I.IndustryTypeApplication            : Started IndustryTypeApplication in 39.964 seconds (process running for 34560.064)
2023-05-17T09:29:46.049+05:30  INFO 28868 --- [restartedMain] .ConditionEvaluationDeltaLoggingListener : Condition evaluation unchanged
2023-05-17T09:29:46.072+05:30  WARN 28868 --- [registrationTask1] d.c.b.a.c.r.ApplicationRegistrator       : Failed to register application as Application(name=INDUSTRY-SERVICE, managementUrl=http://192.168.1.7:8085/actuator, healthUrl=http://192.168.1.7:8085/actuator/health, serviceUrl=http://192.168.1.7:8085/) at spring-boot-admin ([http://localhost:8082/instances]): I/O error on POST request for "http://localhost:8082/instances": Connect to http://localhost:8082 [localhost/127.0.0.1, localhost/0:0:0:0:0:0:0:1] failed: Connection refused: no further information. Further attempts are logged on DEBUG level
2023-05-17T09:34:45.342+05:30  INFO 28868 --- [AsyncResolver-bootstrap-executor-0] c.n.d.s.r.aws.ConfigClusterResolver      : Resolving eureka endpoints via configuration
2023-05-17T09:39:45.364+05:30  INFO 28868 --- [AsyncResolver-bootstrap-executor-0] c.n.d.s.r.aws.ConfigClusterResolver      : Resolving eureka endpoints via configuration
2023-05-17T09:44:45.372+05:30  INFO 28868 --- [AsyncResolver-bootstrap-executor-0] c.n.d.s.r.aws.ConfigClusterResolver      : Resolving eureka endpoints via configuration
2023-05-17T09:49:45.387+05:30  INFO 28868 --- [AsyncResolver-bootstrap-executor-0] c.n.d.s.r.aws.ConfigClusterResolver      : Resolving eureka endpoints via configuration
2023-05-17T09:54:45.401+05:30  INFO 28868 --- [AsyncResolver-bootstrap-executor-0] c.n.d.s.r.aws.ConfigClusterResolver      : Resolving eureka endpoints via configuration
2023-05-17T11:32:31.809+05:30  WARN 28868 --- [product housekeeper] com.zaxxer.hikari.pool.HikariPool        : product - Thread starvation or clock leap detected (housekeeper delta=1h34m20s529ms288s900ns).
2023-05-17T11:33:35.860+05:30  INFO 28868 --- [AsyncResolver-bootstrap-executor-0] c.n.d.s.r.aws.ConfigClusterResolver      : Resolving eureka endpoints via configuration
2023-05-17T11:36:40.150+05:30  INFO 28868 --- [File Watcher] rtingClassPathChangeChangedEventListener : Restarting due to 13 class path changes (0 additions, 13 deletions, 0 modifications)
2023-05-17T11:36:40.238+05:30  INFO 28868 --- [Thread-52] o.s.c.n.e.s.EurekaServiceRegistry        : Unregistering application INDUSTRY-SERVICE with eureka with status DOWN
2023-05-17T11:36:40.246+05:30  INFO 28868 --- [Thread-52] com.netflix.discovery.DiscoveryClient    : Saw local status change event StatusChangeEvent [timestamp=1684303600245, current=DOWN, previous=UP]
2023-05-17T11:36:40.253+05:30  INFO 28868 --- [DiscoveryClient-InstanceInfoReplicator-0] com.netflix.discovery.DiscoveryClient    : DiscoveryClient_INDUSTRY-SERVICE/192.168.1.7:INDUSTRY-SERVICE:8085: registering service...
2023-05-17T11:36:40.555+05:30  INFO 28868 --- [DiscoveryClient-InstanceInfoReplicator-0] com.netflix.discovery.DiscoveryClient    : DiscoveryClient_INDUSTRY-SERVICE/192.168.1.7:INDUSTRY-SERVICE:8085 - registration status: 204
2023-05-17T11:36:40.591+05:30  INFO 28868 --- [Thread-52] o.apache.catalina.core.StandardService   : Stopping service [Tomcat]
2023-05-17T11:36:40.933+05:30  INFO 28868 --- [Thread-52] j.LocalContainerEntityManagerFactoryBean : Closing JPA EntityManagerFactory for persistence unit 'default'
2023-05-17T11:36:41.135+05:30  INFO 28868 --- [Thread-52] com.zaxxer.hikari.HikariDataSource       : product - Shutdown initiated...
2023-05-17T11:36:41.343+05:30  INFO 28868 --- [Thread-52] com.zaxxer.hikari.HikariDataSource       : product - Shutdown completed.
2023-05-17T11:36:41.511+05:30  INFO 28868 --- [Thread-52] com.netflix.discovery.DiscoveryClient    : Shutting down DiscoveryClient ...
2023-05-17T11:36:44.638+05:30  INFO 28868 --- [Thread-52] com.netflix.discovery.DiscoveryClient    : Unregistering ...
2023-05-17T11:36:44.669+05:30  INFO 28868 --- [Thread-52] com.netflix.discovery.DiscoveryClient    : DiscoveryClient_INDUSTRY-SERVICE/192.168.1.7:INDUSTRY-SERVICE:8085 - deregister  status: 200
2023-05-17T11:36:44.694+05:30  INFO 28868 --- [Thread-52] com.netflix.discovery.DiscoveryClient    : Completed shut down of DiscoveryClient
2023-05-17T11:36:51.438+05:30  INFO 28868 --- [restartedMain] c.e.I.IndustryTypeApplication            : Starting IndustryTypeApplication using Java 17.0.7 with PID 28868 (C:\Users\sarthak.aggarwal\Downloads\IndustryType\IndustryType\target\classes started by sarthak.aggarwal in C:\Users\sarthak.aggarwal\Downloads\IndustryType\IndustryType)
2023-05-17T11:36:51.442+05:30  INFO 28868 --- [restartedMain] c.e.I.IndustryTypeApplication            : No active profile set, falling back to 1 default profile: "default"
2023-05-17T11:36:51.449+05:30  INFO 28868 --- [restartedMain] o.s.c.c.c.ConfigServerConfigDataLoader   : Fetching config from server at : http://localhost:8087
2023-05-17T11:36:51.450+05:30  INFO 28868 --- [restartedMain] o.s.c.c.c.ConfigServerConfigDataLoader   : Located environment: name=INDUSTRY-SERVICE, profiles=[default], label=null, version=2ffac8af20e25841d52a81f2ef98d785ab8c7a60, state=null
2023-05-17T11:36:52.928+05:30  INFO 28868 --- [restartedMain] .s.d.r.c.RepositoryConfigurationDelegate : Bootstrapping Spring Data JPA repositories in DEFAULT mode.
2023-05-17T11:36:53.032+05:30  INFO 28868 --- [restartedMain] .s.d.r.c.RepositoryConfigurationDelegate : Finished Spring Data repository scanning in 34 ms. Found 1 JPA repository interfaces.
2023-05-17T11:36:53.386+05:30  INFO 28868 --- [restartedMain] o.s.cloud.context.scope.GenericScope     : BeanFactory id=b6880109-4a82-3d64-99d5-e724ebbd9b4b
2023-05-17T11:36:53.755+05:30  INFO 28868 --- [restartedMain] o.s.b.w.embedded.tomcat.TomcatWebServer  : Tomcat initialized with port(s): 8085 (http)
2023-05-17T11:36:53.758+05:30  INFO 28868 --- [restartedMain] o.apache.catalina.core.StandardService   : Starting service [Tomcat]
2023-05-17T11:36:53.759+05:30  INFO 28868 --- [restartedMain] o.apache.catalina.core.StandardEngine    : Starting Servlet engine: [Apache Tomcat/10.1.8]
2023-05-17T11:36:53.887+05:30  INFO 28868 --- [restartedMain] o.a.c.c.C.[Tomcat].[localhost].[/]       : Initializing Spring embedded WebApplicationContext
2023-05-17T11:36:53.889+05:30  INFO 28868 --- [restartedMain] w.s.c.ServletWebServerApplicationContext : Root WebApplicationContext: initialization completed in 2438 ms
2023-05-17T11:36:54.463+05:30  INFO 28868 --- [restartedMain] o.hibernate.jpa.internal.util.LogHelper  : HHH000204: Processing PersistenceUnitInfo [name: default]
2023-05-17T11:36:54.602+05:30  INFO 28868 --- [restartedMain] com.zaxxer.hikari.HikariDataSource       : product - Starting...
2023-05-17T11:36:54.692+05:30  INFO 28868 --- [restartedMain] com.zaxxer.hikari.pool.HikariPool        : product - Added connection com.mysql.cj.jdbc.ConnectionImpl@3d90442e
2023-05-17T11:36:54.694+05:30  INFO 28868 --- [restartedMain] com.zaxxer.hikari.HikariDataSource       : product - Start completed.
2023-05-17T11:36:54.697+05:30  WARN 28868 --- [restartedMain] org.hibernate.dialect.Dialect            : HHH000511: The 5.0.0 version for [org.hibernate.dialect.MySQL5Dialect] is no longer supported, hence certain features may not work properly. The minimum supported version is 5.7.0. Check the community dialects project for available legacy versions.
2023-05-17T11:36:54.698+05:30  INFO 28868 --- [restartedMain] SQL dialect                              : HHH000400: Using dialect: org.hibernate.dialect.MySQL5Dialect
2023-05-17T11:36:54.700+05:30  WARN 28868 --- [restartedMain] org.hibernate.orm.deprecation            : HHH90000026: MySQL5Dialect has been deprecated; use org.hibernate.dialect.MySQLDialect instead
2023-05-17T11:36:54.995+05:30  INFO 28868 --- [restartedMain] o.h.e.t.j.p.i.JtaPlatformInitiator       : HHH000490: Using JtaPlatform implementation: [org.hibernate.engine.transaction.jta.platform.internal.NoJtaPlatform]
2023-05-17T11:36:55.013+05:30  INFO 28868 --- [restartedMain] j.LocalContainerEntityManagerFactoryBean : Initialized JPA EntityManagerFactory for persistence unit 'default'
2023-05-17T11:37:00.015+05:30  WARN 28868 --- [restartedMain] JpaBaseConfiguration$JpaWebConfiguration : spring.jpa.open-in-view is enabled by default. Therefore, database queries may be performed during view rendering. Explicitly configure spring.jpa.open-in-view to disable this warning
2023-05-17T11:37:01.298+05:30  WARN 28868 --- [restartedMain] o.s.b.d.a.OptionalLiveReloadServer       : Unable to start LiveReload server
2023-05-17T11:37:01.931+05:30  INFO 28868 --- [restartedMain] DiscoveryClientOptionalArgsConfiguration : Eureka HTTP Client uses RestTemplate.
2023-05-17T11:37:02.028+05:30  WARN 28868 --- [restartedMain] iguration$LoadBalancerCaffeineWarnLogger : Spring Cloud LoadBalancer is currently working with the default cache. While this cache implementation is useful for development and tests, it's recommended to use Caffeine cache in production.You can switch to using Caffeine cache, by adding it and org.springframework.cache.caffeine.CaffeineCacheManager to the classpath.
2023-05-17T11:37:02.051+05:30  INFO 28868 --- [restartedMain] o.s.b.a.e.web.EndpointLinksResolver      : Exposing 17 endpoint(s) beneath base path '/actuator'
2023-05-17T11:37:02.144+05:30  INFO 28868 --- [restartedMain] o.s.c.n.eureka.InstanceInfoFactory       : Setting initial instance status as: STARTING
2023-05-17T11:37:02.148+05:30  INFO 28868 --- [restartedMain] com.netflix.discovery.DiscoveryClient    : Initializing Eureka in region us-east-1
2023-05-17T11:37:02.150+05:30  INFO 28868 --- [restartedMain] c.n.d.s.r.aws.ConfigClusterResolver      : Resolving eureka endpoints via configuration
2023-05-17T11:37:02.155+05:30  INFO 28868 --- [restartedMain] com.netflix.discovery.DiscoveryClient    : Disable delta property : false
2023-05-17T11:37:02.159+05:30  INFO 28868 --- [restartedMain] com.netflix.discovery.DiscoveryClient    : Single vip registry refresh property : null
2023-05-17T11:37:02.161+05:30  INFO 28868 --- [restartedMain] com.netflix.discovery.DiscoveryClient    : Force full registry fetch : false
2023-05-17T11:37:02.162+05:30  INFO 28868 --- [restartedMain] com.netflix.discovery.DiscoveryClient    : Application is null : false
2023-05-17T11:37:02.164+05:30  INFO 28868 --- [restartedMain] com.netflix.discovery.DiscoveryClient    : Registered Applications size is zero : true
2023-05-17T11:37:02.169+05:30  INFO 28868 --- [restartedMain] com.netflix.discovery.DiscoveryClient    : Application version is -1: true
2023-05-17T11:37:02.169+05:30  INFO 28868 --- [restartedMain] com.netflix.discovery.DiscoveryClient    : Getting all instance registry info from the eureka server
2023-05-17T11:37:02.264+05:30  INFO 28868 --- [restartedMain] com.netflix.discovery.DiscoveryClient    : The response status is 200
2023-05-17T11:37:02.352+05:30  INFO 28868 --- [restartedMain] com.netflix.discovery.DiscoveryClient    : Starting heartbeat executor: renew interval is: 30
2023-05-17T11:37:02.356+05:30  INFO 28868 --- [restartedMain] c.n.discovery.InstanceInfoReplicator     : InstanceInfoReplicator onDemand update allowed rate per min is 4
2023-05-17T11:37:02.360+05:30  INFO 28868 --- [restartedMain] com.netflix.discovery.DiscoveryClient    : Discovery Client initialized at timestamp 1684303622360 with initial instances count: 4
2023-05-17T11:37:02.364+05:30  INFO 28868 --- [restartedMain] o.s.c.n.e.s.EurekaServiceRegistry        : Registering application INDUSTRY-SERVICE with eureka with status UP
2023-05-17T11:37:02.364+05:30  INFO 28868 --- [restartedMain] com.netflix.discovery.DiscoveryClient    : Saw local status change event StatusChangeEvent [timestamp=1684303622364, current=UP, previous=STARTING]
2023-05-17T11:37:02.381+05:30  INFO 28868 --- [restartedMain] o.s.b.w.embedded.tomcat.TomcatWebServer  : Tomcat started on port(s): 8085 (http) with context path ''
2023-05-17T11:37:02.383+05:30  INFO 28868 --- [restartedMain] .s.c.n.e.s.EurekaAutoServiceRegistration : Updating port to 8085
2023-05-17T11:37:02.437+05:30  INFO 28868 --- [DiscoveryClient-InstanceInfoReplicator-0] com.netflix.discovery.DiscoveryClient    : DiscoveryClient_INDUSTRY-SERVICE/192.168.3.216:INDUSTRY-SERVICE:8085: registering service...
2023-05-17T11:37:02.512+05:30  INFO 28868 --- [DiscoveryClient-InstanceInfoReplicator-0] com.netflix.discovery.DiscoveryClient    : DiscoveryClient_INDUSTRY-SERVICE/192.168.3.216:INDUSTRY-SERVICE:8085 - registration status: 204
2023-05-17T11:37:03.021+05:30  INFO 28868 --- [restartedMain] c.e.I.IndustryTypeApplication            : Started IndustryTypeApplication in 15.346 seconds (process running for 42197.063)
2023-05-17T11:37:03.162+05:30  INFO 28868 --- [restartedMain] .ConditionEvaluationDeltaLoggingListener : Condition evaluation unchanged
2023-05-17T11:37:03.191+05:30  WARN 28868 --- [registrationTask1] d.c.b.a.c.r.ApplicationRegistrator       : Failed to register application as Application(name=INDUSTRY-SERVICE, managementUrl=http://192.168.3.216:8085/actuator, healthUrl=http://192.168.3.216:8085/actuator/health, serviceUrl=http://192.168.3.216:8085/) at spring-boot-admin ([http://localhost:8082/instances]): I/O error on POST request for "http://localhost:8082/instances": Connect to http://localhost:8082 [localhost/127.0.0.1, localhost/0:0:0:0:0:0:0:1] failed: Connection refused: no further information. Further attempts are logged on DEBUG level
2023-05-17T11:42:02.179+05:30  INFO 28868 --- [AsyncResolver-bootstrap-executor-0] c.n.d.s.r.aws.ConfigClusterResolver      : Resolving eureka endpoints via configuration
2023-05-17T11:47:02.201+05:30  INFO 28868 --- [AsyncResolver-bootstrap-executor-0] c.n.d.s.r.aws.ConfigClusterResolver      : Resolving eureka endpoints via configuration
