2023-05-17 00:00:15.426  INFO 10888 --- [http-nio-8084-exec-8] c.e.C.services.CompanyService            : [{productId=1, productName=pizza, companyId=1}, {productId=2, productName=Garlic Bread, companyId=1}, {productId=3, productName=Choco Lava Cake, companyId=1}] 
2023-05-17 00:00:15.460  INFO 10888 --- [http-nio-8084-exec-8] c.e.C.services.CompanyService            : [{productId=7, productName=Fries, companyId=3}, {productId=8, productName=Coffee, companyId=3}, {productId=9, productName=Burger, companyId=3}] 
2023-05-17 00:03:26.761  INFO 10888 --- [AsyncResolver-bootstrap-executor-0] c.n.d.s.r.aws.ConfigClusterResolver      : Resolving eureka endpoints via configuration
2023-05-17 00:08:26.938  INFO 10888 --- [AsyncResolver-bootstrap-executor-0] c.n.d.s.r.aws.ConfigClusterResolver      : Resolving eureka endpoints via configuration
2023-05-17 00:08:36.576  INFO 10888 --- [http-nio-8084-exec-3] c.e.C.services.CompanyService            : [{productId=1, productName=pizza, companyId=1}, {productId=2, productName=Garlic Bread, companyId=1}, {productId=3, productName=Choco Lava Cake, companyId=1}] 
2023-05-17 00:08:36.603  INFO 10888 --- [http-nio-8084-exec-3] c.e.C.services.CompanyService            : [{productId=7, productName=Fries, companyId=3}, {productId=8, productName=Coffee, companyId=3}, {productId=9, productName=Burger, companyId=3}] 
2023-05-17 00:13:26.959  INFO 10888 --- [AsyncResolver-bootstrap-executor-0] c.n.d.s.r.aws.ConfigClusterResolver      : Resolving eureka endpoints via configuration
2023-05-17 00:18:27.001  INFO 10888 --- [AsyncResolver-bootstrap-executor-0] c.n.d.s.r.aws.ConfigClusterResolver      : Resolving eureka endpoints via configuration
2023-05-17 00:23:27.013  INFO 10888 --- [AsyncResolver-bootstrap-executor-0] c.n.d.s.r.aws.ConfigClusterResolver      : Resolving eureka endpoints via configuration
2023-05-17 00:28:31.118  INFO 7500 --- [main] .CompanyServiceAndAdminClientApplication : Starting CompanyServiceAndAdminClientApplication using Java 17.0.7 on PS-LP-NOI-T00661 with PID 7500 (C:\Users\sarthak.aggarwal\Downloads\CompanyServiceAndAdminClient\CompanyServiceAndAdminClient\target\classes started by sarthak.aggarwal in C:\Users\sarthak.aggarwal\Downloads\CompanyServiceAndAdminClient\CompanyServiceAndAdminClient)
2023-05-17 00:28:31.129  INFO 7500 --- [main] .CompanyServiceAndAdminClientApplication : No active profile set, falling back to 1 default profile: "default"
2023-05-17 00:28:31.233  INFO 7500 --- [main] o.s.c.c.c.ConfigServerConfigDataLoader   : Fetching config from server at : http://localhost:8087
2023-05-17 00:28:31.234  INFO 7500 --- [main] o.s.c.c.c.ConfigServerConfigDataLoader   : Located environment: name=COMPANY-SERVICE, profiles=[default], label=null, version=2ffac8af20e25841d52a81f2ef98d785ab8c7a60, state=null
2023-05-17 00:28:33.704  INFO 7500 --- [main] .s.d.r.c.RepositoryConfigurationDelegate : Bootstrapping Spring Data JPA repositories in DEFAULT mode.
2023-05-17 00:28:34.392  INFO 7500 --- [main] .s.d.r.c.RepositoryConfigurationDelegate : Finished Spring Data repository scanning in 646 ms. Found 1 JPA repository interfaces.
2023-05-17 00:28:35.614  INFO 7500 --- [main] o.s.cloud.context.scope.GenericScope     : BeanFactory id=176794f2-db88-3882-9e06-59552476f0e6
2023-05-17 00:28:37.635  INFO 7500 --- [main] o.s.b.w.embedded.tomcat.TomcatWebServer  : Tomcat initialized with port(s): 8084 (http)
2023-05-17 00:28:37.670  INFO 7500 --- [main] o.apache.catalina.core.StandardService   : Starting service [Tomcat]
2023-05-17 00:28:37.687  INFO 7500 --- [main] org.apache.catalina.core.StandardEngine  : Starting Servlet engine: [Apache Tomcat/9.0.74]
2023-05-17 00:28:38.614  INFO 7500 --- [main] o.a.c.c.C.[Tomcat].[localhost].[/]       : Initializing Spring embedded WebApplicationContext
2023-05-17 00:28:38.626  INFO 7500 --- [main] w.s.c.ServletWebServerApplicationContext : Root WebApplicationContext: initialization completed in 7386 ms
2023-05-17 00:28:41.369  INFO 7500 --- [main] o.hibernate.jpa.internal.util.LogHelper  : HHH000204: Processing PersistenceUnitInfo [name: default]
2023-05-17 00:28:41.611  INFO 7500 --- [main] org.hibernate.Version                    : HHH000412: Hibernate ORM core version 5.6.15.Final
2023-05-17 00:28:42.434  INFO 7500 --- [main] o.hibernate.annotations.common.Version   : HCANN000001: Hibernate Commons Annotations {5.1.2.Final}
2023-05-17 00:28:42.811  INFO 7500 --- [main] com.zaxxer.hikari.HikariDataSource       : product - Starting...
2023-05-17 00:28:43.560  INFO 7500 --- [main] com.zaxxer.hikari.HikariDataSource       : product - Start completed.
2023-05-17 00:28:43.590  INFO 7500 --- [main] org.hibernate.dialect.Dialect            : HHH000400: Using dialect: org.hibernate.dialect.MySQL5Dialect
2023-05-17 00:28:44.936  INFO 7500 --- [main] o.h.e.t.j.p.i.JtaPlatformInitiator       : HHH000490: Using JtaPlatform implementation: [org.hibernate.engine.transaction.jta.platform.internal.NoJtaPlatform]
2023-05-17 00:28:44.969  INFO 7500 --- [main] j.LocalContainerEntityManagerFactoryBean : Initialized JPA EntityManagerFactory for persistence unit 'default'
2023-05-17 00:28:46.294  WARN 7500 --- [main] JpaBaseConfiguration$JpaWebConfiguration : spring.jpa.open-in-view is enabled by default. Therefore, database queries may be performed during view rendering. Explicitly configure spring.jpa.open-in-view to disable this warning
2023-05-17 00:28:51.521  INFO 7500 --- [RMI TCP Connection(2)-127.0.0.1] o.a.c.c.C.[Tomcat].[localhost].[/]       : Initializing Spring DispatcherServlet 'dispatcherServlet'
2023-05-17 00:28:51.529  INFO 7500 --- [RMI TCP Connection(2)-127.0.0.1] o.s.web.servlet.DispatcherServlet        : Initializing Servlet 'dispatcherServlet'
2023-05-17 00:28:52.201  INFO 7500 --- [RMI TCP Connection(2)-127.0.0.1] o.s.b.a.e.web.EndpointLinksResolver      : Exposing 17 endpoint(s) beneath base path '/actuator'
2023-05-17 00:28:52.356  INFO 7500 --- [main] DiscoveryClientOptionalArgsConfiguration : Eureka HTTP Client uses RestTemplate.
2023-05-17 00:28:52.342  INFO 7500 --- [RMI TCP Connection(2)-127.0.0.1] o.s.web.servlet.DispatcherServlet        : Completed initialization in 810 ms
2023-05-17 00:28:52.828  WARN 7500 --- [main] iguration$LoadBalancerCaffeineWarnLogger : Spring Cloud LoadBalancer is currently working with the default cache. While this cache implementation is useful for development and tests, it's recommended to use Caffeine cache in production.You can switch to using Caffeine cache, by adding it and org.springframework.cache.caffeine.CaffeineCacheManager to the classpath.
2023-05-17 00:28:53.496  INFO 7500 --- [main] o.s.c.n.eureka.InstanceInfoFactory       : Setting initial instance status as: STARTING
2023-05-17 00:28:54.056  INFO 7500 --- [main] com.netflix.discovery.DiscoveryClient    : Initializing Eureka in region us-east-1
2023-05-17 00:28:54.112  INFO 7500 --- [main] c.n.d.s.r.aws.ConfigClusterResolver      : Resolving eureka endpoints via configuration
2023-05-17 00:28:54.285  INFO 7500 --- [main] com.netflix.discovery.DiscoveryClient    : Disable delta property : false
2023-05-17 00:28:54.286  INFO 7500 --- [main] com.netflix.discovery.DiscoveryClient    : Single vip registry refresh property : null
2023-05-17 00:28:54.289  INFO 7500 --- [main] com.netflix.discovery.DiscoveryClient    : Force full registry fetch : false
2023-05-17 00:28:54.292  INFO 7500 --- [main] com.netflix.discovery.DiscoveryClient    : Application is null : false
2023-05-17 00:28:54.296  INFO 7500 --- [main] com.netflix.discovery.DiscoveryClient    : Registered Applications size is zero : true
2023-05-17 00:28:54.298  INFO 7500 --- [main] com.netflix.discovery.DiscoveryClient    : Application version is -1: true
2023-05-17 00:28:54.300  INFO 7500 --- [main] com.netflix.discovery.DiscoveryClient    : Getting all instance registry info from the eureka server
2023-05-17 00:28:55.164  INFO 7500 --- [main] com.netflix.discovery.DiscoveryClient    : The response status is 200
2023-05-17 00:28:55.258  INFO 7500 --- [main] com.netflix.discovery.DiscoveryClient    : Starting heartbeat executor: renew interval is: 30
2023-05-17 00:28:55.307  INFO 7500 --- [main] c.n.discovery.InstanceInfoReplicator     : InstanceInfoReplicator onDemand update allowed rate per min is 4
2023-05-17 00:28:55.322  INFO 7500 --- [main] com.netflix.discovery.DiscoveryClient    : Discovery Client initialized at timestamp 1684263535320 with initial instances count: 5
2023-05-17 00:28:55.396  INFO 7500 --- [main] o.s.c.n.e.s.EurekaServiceRegistry        : Registering application COMPANY-SERVICE with eureka with status UP
2023-05-17 00:28:55.436  INFO 7500 --- [main] com.netflix.discovery.DiscoveryClient    : Saw local status change event StatusChangeEvent [timestamp=1684263535436, current=UP, previous=STARTING]
2023-05-17 00:28:55.505  INFO 7500 --- [DiscoveryClient-InstanceInfoReplicator-0] com.netflix.discovery.DiscoveryClient    : DiscoveryClient_COMPANY-SERVICE/192.168.1.7:COMPANY-SERVICE:8084: registering service...
2023-05-17 00:28:55.981  INFO 7500 --- [main] o.s.b.w.embedded.tomcat.TomcatWebServer  : Tomcat started on port(s): 8084 (http) with context path ''
2023-05-17 00:28:56.051  INFO 7500 --- [DiscoveryClient-InstanceInfoReplicator-0] com.netflix.discovery.DiscoveryClient    : DiscoveryClient_COMPANY-SERVICE/192.168.1.7:COMPANY-SERVICE:8084 - registration status: 204
2023-05-17 00:28:56.062  INFO 7500 --- [main] .s.c.n.e.s.EurekaAutoServiceRegistration : Updating port to 8084
2023-05-17 00:28:56.637  INFO 7500 --- [main] .CompanyServiceAndAdminClientApplication : Started CompanyServiceAndAdminClientApplication in 31.351 seconds (JVM running for 33.877)
2023-05-17 00:28:56.724  WARN 7500 --- [registrationTask1] d.c.b.a.c.r.ApplicationRegistrator       : Failed to register application as Application(name=COMPANY-SERVICE, managementUrl=http://192.168.1.7:8084/actuator, healthUrl=http://192.168.1.7:8084/actuator/health, serviceUrl=http://192.168.1.7:8084/) at spring-boot-admin ([http://localhost:8082/instances]): I/O error on POST request for "http://localhost:8082/instances": Connect to localhost:8082 [localhost/127.0.0.1, localhost/0:0:0:0:0:0:0:1] failed: Connection refused: no further information; nested exception is org.apache.http.conn.HttpHostConnectException: Connect to localhost:8082 [localhost/127.0.0.1, localhost/0:0:0:0:0:0:0:1] failed: Connection refused: no further information. Further attempts are logged on DEBUG level
2023-05-17 00:29:51.493  INFO 7500 --- [http-nio-8084-exec-1] c.e.C.services.CompanyService            : [{productId=1, productName=pizza, companyId=1}, {productId=2, productName=Garlic Bread, companyId=1}, {productId=3, productName=Choco Lava Cake, companyId=1}] 
2023-05-17 00:29:51.607  INFO 7500 --- [http-nio-8084-exec-1] c.e.C.services.CompanyService            : [{productId=7, productName=Fries, companyId=3}, {productId=8, productName=Coffee, companyId=3}, {productId=9, productName=Burger, companyId=3}] 
2023-05-17 00:31:14.185  INFO 7500 --- [http-nio-8084-exec-5] c.e.C.services.CompanyService            : [{productId=1, productName=pizza, companyId=1}, {productId=2, productName=Garlic Bread, companyId=1}, {productId=3, productName=Choco Lava Cake, companyId=1}] 
2023-05-17 00:31:14.221  INFO 7500 --- [http-nio-8084-exec-5] c.e.C.services.CompanyService            : [{productId=7, productName=Fries, companyId=3}, {productId=8, productName=Coffee, companyId=3}, {productId=9, productName=Burger, companyId=3}] 
2023-05-17 00:31:23.757  INFO 7500 --- [http-nio-8084-exec-8] c.e.C.services.CompanyService            : [{productId=1, productName=pizza, companyId=1}, {productId=2, productName=Garlic Bread, companyId=1}, {productId=3, productName=Choco Lava Cake, companyId=1}] 
2023-05-17 00:31:24.104  INFO 7500 --- [http-nio-8084-exec-8] c.e.C.services.CompanyService            : [{productId=7, productName=Fries, companyId=3}, {productId=8, productName=Coffee, companyId=3}, {productId=9, productName=Burger, companyId=3}] 
2023-05-17 00:33:10.102  INFO 7500 --- [http-nio-8084-exec-2] c.e.C.services.CompanyService            : [{productId=1, productName=pizza, companyId=1}, {productId=2, productName=Garlic Bread, companyId=1}, {productId=3, productName=Choco Lava Cake, companyId=1}] 
2023-05-17 00:33:10.160  INFO 7500 --- [http-nio-8084-exec-2] c.e.C.services.CompanyService            : [{productId=7, productName=Fries, companyId=3}, {productId=8, productName=Coffee, companyId=3}, {productId=9, productName=Burger, companyId=3}] 
2023-05-17 00:33:13.550  INFO 7500 --- [http-nio-8084-exec-3] c.e.C.services.CompanyService            : [{productId=4, productName=Shampoo, companyId=2}, {productId=5, productName=Conditioner, companyId=2}, {productId=6, productName=Soap, companyId=2}] 
2023-05-17 00:33:54.317  INFO 7500 --- [AsyncResolver-bootstrap-executor-0] c.n.d.s.r.aws.ConfigClusterResolver      : Resolving eureka endpoints via configuration
2023-05-17 00:38:54.335  INFO 7500 --- [AsyncResolver-bootstrap-executor-0] c.n.d.s.r.aws.ConfigClusterResolver      : Resolving eureka endpoints via configuration
2023-05-17 00:43:54.340  INFO 7500 --- [AsyncResolver-bootstrap-executor-0] c.n.d.s.r.aws.ConfigClusterResolver      : Resolving eureka endpoints via configuration
2023-05-17 00:48:54.362  INFO 7500 --- [AsyncResolver-bootstrap-executor-0] c.n.d.s.r.aws.ConfigClusterResolver      : Resolving eureka endpoints via configuration
2023-05-17 00:53:54.408  INFO 7500 --- [AsyncResolver-bootstrap-executor-0] c.n.d.s.r.aws.ConfigClusterResolver      : Resolving eureka endpoints via configuration
2023-05-17 09:29:08.440  WARN 7500 --- [product housekeeper] com.zaxxer.hikari.pool.HikariPool        : product - Thread starvation or clock leap detected (housekeeper delta=8h32m29s225ms283µs700ns).
2023-05-17 09:30:47.412  INFO 7500 --- [AsyncResolver-bootstrap-executor-0] c.n.d.s.r.aws.ConfigClusterResolver      : Resolving eureka endpoints via configuration
2023-05-17 09:35:47.446  INFO 7500 --- [AsyncResolver-bootstrap-executor-0] c.n.d.s.r.aws.ConfigClusterResolver      : Resolving eureka endpoints via configuration
2023-05-17 09:40:47.449  INFO 7500 --- [AsyncResolver-bootstrap-executor-0] c.n.d.s.r.aws.ConfigClusterResolver      : Resolving eureka endpoints via configuration
2023-05-17 09:45:47.467  INFO 7500 --- [AsyncResolver-bootstrap-executor-0] c.n.d.s.r.aws.ConfigClusterResolver      : Resolving eureka endpoints via configuration
2023-05-17 09:50:47.481  INFO 7500 --- [AsyncResolver-bootstrap-executor-0] c.n.d.s.r.aws.ConfigClusterResolver      : Resolving eureka endpoints via configuration
2023-05-17 09:55:47.494  INFO 7500 --- [AsyncResolver-bootstrap-executor-0] c.n.d.s.r.aws.ConfigClusterResolver      : Resolving eureka endpoints via configuration
2023-05-17 11:32:31.138  WARN 7500 --- [product housekeeper] com.zaxxer.hikari.pool.HikariPool        : product - Thread starvation or clock leap detected (housekeeper delta=1h33m51s823ms201µs800ns).
2023-05-17 11:34:37.964  INFO 7500 --- [AsyncResolver-bootstrap-executor-0] c.n.d.s.r.aws.ConfigClusterResolver      : Resolving eureka endpoints via configuration
2023-05-17 11:39:38.006  INFO 7500 --- [AsyncResolver-bootstrap-executor-0] c.n.d.s.r.aws.ConfigClusterResolver      : Resolving eureka endpoints via configuration
2023-05-17 11:41:56.962  INFO 7500 --- [http-nio-8084-exec-7] c.e.C.controller.CompanyController       : Get Single User Handler: CompanyController
2023-05-17 11:41:57.833 ERROR 7500 --- [http-nio-8084-exec-7] o.a.c.c.C.[.[.[/].[dispatcherServlet]    : Servlet.service() for servlet [dispatcherServlet] in context with path [] threw exception [Request processing failed; nested exception is org.springframework.web.client.ResourceAccessException: I/O error on GET request for "http://PRODUCT-SERVICE/product/getProductByCompanyId/1": Connection refused: connect; nested exception is java.net.ConnectException: Connection refused: connect] with root cause

java.net.ConnectException: Connection refused: connect
	at java.base/sun.nio.ch.Net.connect0(Native Method) ~[na:na]
	at java.base/sun.nio.ch.Net.connect(Unknown Source) ~[na:na]
	at java.base/sun.nio.ch.Net.connect(Unknown Source) ~[na:na]
	at java.base/sun.nio.ch.NioSocketImpl.connect(Unknown Source) ~[na:na]
	at java.base/java.net.Socket.connect(Unknown Source) ~[na:na]
	at java.base/java.net.Socket.connect(Unknown Source) ~[na:na]
	at java.base/sun.net.NetworkClient.doConnect(Unknown Source) ~[na:na]
	at java.base/sun.net.www.http.HttpClient.openServer(Unknown Source) ~[na:na]
	at java.base/sun.net.www.http.HttpClient.openServer(Unknown Source) ~[na:na]
	at java.base/sun.net.www.http.HttpClient.<init>(Unknown Source) ~[na:na]
	at java.base/sun.net.www.http.HttpClient.New(Unknown Source) ~[na:na]
	at java.base/sun.net.www.http.HttpClient.New(Unknown Source) ~[na:na]
	at java.base/sun.net.www.protocol.http.HttpURLConnection.getNewHttpClient(Unknown Source) ~[na:na]
	at java.base/sun.net.www.protocol.http.HttpURLConnection.plainConnect0(Unknown Source) ~[na:na]
	at java.base/sun.net.www.protocol.http.HttpURLConnection.plainConnect(Unknown Source) ~[na:na]
	at java.base/sun.net.www.protocol.http.HttpURLConnection.connect(Unknown Source) ~[na:na]
	at org.springframework.http.client.SimpleBufferingClientHttpRequest.executeInternal(SimpleBufferingClientHttpRequest.java:76) ~[spring-web-5.3.27.jar:5.3.27]
	at org.springframework.http.client.AbstractBufferingClientHttpRequest.executeInternal(AbstractBufferingClientHttpRequest.java:48) ~[spring-web-5.3.27.jar:5.3.27]
	at org.springframework.http.client.AbstractClientHttpRequest.execute(AbstractClientHttpRequest.java:66) ~[spring-web-5.3.27.jar:5.3.27]
	at org.springframework.http.client.InterceptingClientHttpRequest$InterceptingRequestExecution.execute(InterceptingClientHttpRequest.java:109) ~[spring-web-5.3.27.jar:5.3.27]
	at org.springframework.cloud.client.loadbalancer.BlockingLoadBalancerRequest.apply(BlockingLoadBalancerRequest.java:55) ~[spring-cloud-commons-3.1.6.jar:3.1.6]
	at org.springframework.cloud.client.loadbalancer.BlockingLoadBalancerRequest.apply(BlockingLoadBalancerRequest.java:32) ~[spring-cloud-commons-3.1.6.jar:3.1.6]
	at org.springframework.cloud.client.loadbalancer.LoadBalancerRequestAdapter.apply(LoadBalancerRequestAdapter.java:43) ~[spring-cloud-commons-3.1.6.jar:3.1.6]
	at org.springframework.cloud.loadbalancer.blocking.client.BlockingLoadBalancerClient.execute(BlockingLoadBalancerClient.java:117) ~[spring-cloud-loadbalancer-3.1.6.jar:3.1.6]
	at org.springframework.cloud.loadbalancer.blocking.client.BlockingLoadBalancerClient.execute(BlockingLoadBalancerClient.java:91) ~[spring-cloud-loadbalancer-3.1.6.jar:3.1.6]
	at org.springframework.cloud.client.loadbalancer.LoadBalancerInterceptor.intercept(LoadBalancerInterceptor.java:56) ~[spring-cloud-commons-3.1.6.jar:3.1.6]
	at org.springframework.http.client.InterceptingClientHttpRequest$InterceptingRequestExecution.execute(InterceptingClientHttpRequest.java:93) ~[spring-web-5.3.27.jar:5.3.27]
	at org.springframework.http.client.InterceptingClientHttpRequest.executeInternal(InterceptingClientHttpRequest.java:77) ~[spring-web-5.3.27.jar:5.3.27]
	at org.springframework.http.client.AbstractBufferingClientHttpRequest.executeInternal(AbstractBufferingClientHttpRequest.java:48) ~[spring-web-5.3.27.jar:5.3.27]
	at org.springframework.http.client.AbstractClientHttpRequest.execute(AbstractClientHttpRequest.java:66) ~[spring-web-5.3.27.jar:5.3.27]
	at org.springframework.web.client.RestTemplate.doExecute(RestTemplate.java:782) ~[spring-web-5.3.27.jar:5.3.27]
	at org.springframework.web.client.RestTemplate.execute(RestTemplate.java:717) ~[spring-web-5.3.27.jar:5.3.27]
	at org.springframework.web.client.RestTemplate.getForObject(RestTemplate.java:340) ~[spring-web-5.3.27.jar:5.3.27]
	at com.example.CompanyServiceAndAdminClient.services.Impl.CompanyServiceImpl.findProductByCompanyId(CompanyServiceImpl.java:71) ~[classes/:na]
	at com.example.CompanyServiceAndAdminClient.controller.CompanyController.getProductByCompanyId(CompanyController.java:55) ~[classes/:na]
	at java.base/jdk.internal.reflect.NativeMethodAccessorImpl.invoke0(Native Method) ~[na:na]
	at java.base/jdk.internal.reflect.NativeMethodAccessorImpl.invoke(Unknown Source) ~[na:na]
	at java.base/jdk.internal.reflect.DelegatingMethodAccessorImpl.invoke(Unknown Source) ~[na:na]
	at java.base/java.lang.reflect.Method.invoke(Unknown Source) ~[na:na]
	at org.springframework.web.method.support.InvocableHandlerMethod.doInvoke(InvocableHandlerMethod.java:205) ~[spring-web-5.3.27.jar:5.3.27]
	at org.springframework.web.method.support.InvocableHandlerMethod.invokeForRequest(InvocableHandlerMethod.java:150) ~[spring-web-5.3.27.jar:5.3.27]
	at org.springframework.web.servlet.mvc.method.annotation.ServletInvocableHandlerMethod.invokeAndHandle(ServletInvocableHandlerMethod.java:117) ~[spring-webmvc-5.3.27.jar:5.3.27]
	at org.springframework.web.servlet.mvc.method.annotation.RequestMappingHandlerAdapter.invokeHandlerMethod(RequestMappingHandlerAdapter.java:895) ~[spring-webmvc-5.3.27.jar:5.3.27]
	at org.springframework.web.servlet.mvc.method.annotation.RequestMappingHandlerAdapter.handleInternal(RequestMappingHandlerAdapter.java:808) ~[spring-webmvc-5.3.27.jar:5.3.27]
	at org.springframework.web.servlet.mvc.method.AbstractHandlerMethodAdapter.handle(AbstractHandlerMethodAdapter.java:87) ~[spring-webmvc-5.3.27.jar:5.3.27]
	at org.springframework.web.servlet.DispatcherServlet.doDispatch(DispatcherServlet.java:1072) ~[spring-webmvc-5.3.27.jar:5.3.27]
	at org.springframework.web.servlet.DispatcherServlet.doService(DispatcherServlet.java:965) ~[spring-webmvc-5.3.27.jar:5.3.27]
	at org.springframework.web.servlet.FrameworkServlet.processRequest(FrameworkServlet.java:1006) ~[spring-webmvc-5.3.27.jar:5.3.27]
	at org.springframework.web.servlet.FrameworkServlet.doGet(FrameworkServlet.java:898) ~[spring-webmvc-5.3.27.jar:5.3.27]
	at javax.servlet.http.HttpServlet.service(HttpServlet.java:529) ~[tomcat-embed-core-9.0.74.jar:4.0.FR]
	at org.springframework.web.servlet.FrameworkServlet.service(FrameworkServlet.java:883) ~[spring-webmvc-5.3.27.jar:5.3.27]
	at javax.servlet.http.HttpServlet.service(HttpServlet.java:623) ~[tomcat-embed-core-9.0.74.jar:4.0.FR]
	at org.apache.catalina.core.ApplicationFilterChain.internalDoFilter(ApplicationFilterChain.java:209) ~[tomcat-embed-core-9.0.74.jar:9.0.74]
	at org.apache.catalina.core.ApplicationFilterChain.doFilter(ApplicationFilterChain.java:153) ~[tomcat-embed-core-9.0.74.jar:9.0.74]
	at org.apache.tomcat.websocket.server.WsFilter.doFilter(WsFilter.java:51) ~[tomcat-embed-websocket-9.0.74.jar:9.0.74]
	at org.apache.catalina.core.ApplicationFilterChain.internalDoFilter(ApplicationFilterChain.java:178) ~[tomcat-embed-core-9.0.74.jar:9.0.74]
	at org.apache.catalina.core.ApplicationFilterChain.doFilter(ApplicationFilterChain.java:153) ~[tomcat-embed-core-9.0.74.jar:9.0.74]
	at org.springframework.web.filter.RequestContextFilter.doFilterInternal(RequestContextFilter.java:100) ~[spring-web-5.3.27.jar:5.3.27]
	at org.springframework.web.filter.OncePerRequestFilter.doFilter(OncePerRequestFilter.java:117) ~[spring-web-5.3.27.jar:5.3.27]
	at org.apache.catalina.core.ApplicationFilterChain.internalDoFilter(ApplicationFilterChain.java:178) ~[tomcat-embed-core-9.0.74.jar:9.0.74]
	at org.apache.catalina.core.ApplicationFilterChain.doFilter(ApplicationFilterChain.java:153) ~[tomcat-embed-core-9.0.74.jar:9.0.74]
	at org.springframework.web.filter.FormContentFilter.doFilterInternal(FormContentFilter.java:93) ~[spring-web-5.3.27.jar:5.3.27]
	at org.springframework.web.filter.OncePerRequestFilter.doFilter(OncePerRequestFilter.java:117) ~[spring-web-5.3.27.jar:5.3.27]
	at org.apache.catalina.core.ApplicationFilterChain.internalDoFilter(ApplicationFilterChain.java:178) ~[tomcat-embed-core-9.0.74.jar:9.0.74]
	at org.apache.catalina.core.ApplicationFilterChain.doFilter(ApplicationFilterChain.java:153) ~[tomcat-embed-core-9.0.74.jar:9.0.74]
	at org.springframework.boot.actuate.metrics.web.servlet.WebMvcMetricsFilter.doFilterInternal(WebMvcMetricsFilter.java:96) ~[spring-boot-actuator-2.7.11.jar:2.7.11]
	at org.springframework.web.filter.OncePerRequestFilter.doFilter(OncePerRequestFilter.java:117) ~[spring-web-5.3.27.jar:5.3.27]
	at org.apache.catalina.core.ApplicationFilterChain.internalDoFilter(ApplicationFilterChain.java:178) ~[tomcat-embed-core-9.0.74.jar:9.0.74]
	at org.apache.catalina.core.ApplicationFilterChain.doFilter(ApplicationFilterChain.java:153) ~[tomcat-embed-core-9.0.74.jar:9.0.74]
	at org.springframework.web.filter.CharacterEncodingFilter.doFilterInternal(CharacterEncodingFilter.java:201) ~[spring-web-5.3.27.jar:5.3.27]
	at org.springframework.web.filter.OncePerRequestFilter.doFilter(OncePerRequestFilter.java:117) ~[spring-web-5.3.27.jar:5.3.27]
	at org.apache.catalina.core.ApplicationFilterChain.internalDoFilter(ApplicationFilterChain.java:178) ~[tomcat-embed-core-9.0.74.jar:9.0.74]
	at org.apache.catalina.core.ApplicationFilterChain.doFilter(ApplicationFilterChain.java:153) ~[tomcat-embed-core-9.0.74.jar:9.0.74]
	at org.apache.catalina.core.StandardWrapperValve.invoke(StandardWrapperValve.java:167) ~[tomcat-embed-core-9.0.74.jar:9.0.74]
	at org.apache.catalina.core.StandardContextValve.invoke(StandardContextValve.java:90) ~[tomcat-embed-core-9.0.74.jar:9.0.74]
	at org.apache.catalina.authenticator.AuthenticatorBase.invoke(AuthenticatorBase.java:481) ~[tomcat-embed-core-9.0.74.jar:9.0.74]
	at org.apache.catalina.core.StandardHostValve.invoke(StandardHostValve.java:130) ~[tomcat-embed-core-9.0.74.jar:9.0.74]
	at org.apache.catalina.valves.ErrorReportValve.invoke(ErrorReportValve.java:93) ~[tomcat-embed-core-9.0.74.jar:9.0.74]
	at org.apache.catalina.core.StandardEngineValve.invoke(StandardEngineValve.java:74) ~[tomcat-embed-core-9.0.74.jar:9.0.74]
	at org.apache.catalina.connector.CoyoteAdapter.service(CoyoteAdapter.java:343) ~[tomcat-embed-core-9.0.74.jar:9.0.74]
	at org.apache.coyote.http11.Http11Processor.service(Http11Processor.java:389) ~[tomcat-embed-core-9.0.74.jar:9.0.74]
	at org.apache.coyote.AbstractProcessorLight.process(AbstractProcessorLight.java:63) ~[tomcat-embed-core-9.0.74.jar:9.0.74]
	at org.apache.coyote.AbstractProtocol$ConnectionHandler.process(AbstractProtocol.java:926) ~[tomcat-embed-core-9.0.74.jar:9.0.74]
	at org.apache.tomcat.util.net.NioEndpoint$SocketProcessor.doRun(NioEndpoint.java:1791) ~[tomcat-embed-core-9.0.74.jar:9.0.74]
	at org.apache.tomcat.util.net.SocketProcessorBase.run(SocketProcessorBase.java:52) ~[tomcat-embed-core-9.0.74.jar:9.0.74]
	at org.apache.tomcat.util.threads.ThreadPoolExecutor.runWorker(ThreadPoolExecutor.java:1191) ~[tomcat-embed-core-9.0.74.jar:9.0.74]
	at org.apache.tomcat.util.threads.ThreadPoolExecutor$Worker.run(ThreadPoolExecutor.java:659) ~[tomcat-embed-core-9.0.74.jar:9.0.74]
	at org.apache.tomcat.util.threads.TaskThread$WrappingRunnable.run(TaskThread.java:61) ~[tomcat-embed-core-9.0.74.jar:9.0.74]
	at java.base/java.lang.Thread.run(Unknown Source) ~[na:na]

2023-05-17 11:42:30.093  INFO 28292 --- [main] .CompanyServiceAndAdminClientApplication : Starting CompanyServiceAndAdminClientApplication using Java 17.0.7 on PS-LP-NOI-T00661 with PID 28292 (C:\Users\sarthak.aggarwal\Downloads\CompanyServiceAndAdminClient\CompanyServiceAndAdminClient\target\classes started by sarthak.aggarwal in C:\Users\sarthak.aggarwal\Downloads\CompanyServiceAndAdminClient\CompanyServiceAndAdminClient)
2023-05-17 11:42:30.102  INFO 28292 --- [main] .CompanyServiceAndAdminClientApplication : No active profile set, falling back to 1 default profile: "default"
2023-05-17 11:42:30.196  INFO 28292 --- [main] o.s.c.c.c.ConfigServerConfigDataLoader   : Fetching config from server at : http://localhost:8087
2023-05-17 11:42:30.198  INFO 28292 --- [main] o.s.c.c.c.ConfigServerConfigDataLoader   : Located environment: name=COMPANY-SERVICE, profiles=[default], label=null, version=2ffac8af20e25841d52a81f2ef98d785ab8c7a60, state=null
2023-05-17 11:42:32.681  INFO 28292 --- [main] .s.d.r.c.RepositoryConfigurationDelegate : Bootstrapping Spring Data JPA repositories in DEFAULT mode.
2023-05-17 11:42:33.182  INFO 28292 --- [main] .s.d.r.c.RepositoryConfigurationDelegate : Finished Spring Data repository scanning in 466 ms. Found 1 JPA repository interfaces.
2023-05-17 11:42:34.159  INFO 28292 --- [main] o.s.cloud.context.scope.GenericScope     : BeanFactory id=763695ae-fc80-304f-bb00-42f88379aceb
2023-05-17 11:42:36.262  INFO 28292 --- [main] o.s.b.w.embedded.tomcat.TomcatWebServer  : Tomcat initialized with port(s): 8084 (http)
2023-05-17 11:42:36.286  INFO 28292 --- [main] o.apache.catalina.core.StandardService   : Starting service [Tomcat]
2023-05-17 11:42:36.289  INFO 28292 --- [main] org.apache.catalina.core.StandardEngine  : Starting Servlet engine: [Apache Tomcat/9.0.74]
2023-05-17 11:42:36.763  INFO 28292 --- [main] o.a.c.c.C.[Tomcat].[localhost].[/]       : Initializing Spring embedded WebApplicationContext
2023-05-17 11:42:36.767  INFO 28292 --- [main] w.s.c.ServletWebServerApplicationContext : Root WebApplicationContext: initialization completed in 6564 ms
2023-05-17 11:42:38.220  INFO 28292 --- [main] o.hibernate.jpa.internal.util.LogHelper  : HHH000204: Processing PersistenceUnitInfo [name: default]
2023-05-17 11:42:38.429  INFO 28292 --- [main] org.hibernate.Version                    : HHH000412: Hibernate ORM core version 5.6.15.Final
2023-05-17 11:42:39.048  INFO 28292 --- [main] o.hibernate.annotations.common.Version   : HCANN000001: Hibernate Commons Annotations {5.1.2.Final}
2023-05-17 11:42:39.446  INFO 28292 --- [main] com.zaxxer.hikari.HikariDataSource       : product - Starting...
2023-05-17 11:42:40.542  INFO 28292 --- [main] com.zaxxer.hikari.HikariDataSource       : product - Start completed.
2023-05-17 11:42:41.514  INFO 28292 --- [main] org.hibernate.dialect.Dialect            : HHH000400: Using dialect: org.hibernate.dialect.MySQL5Dialect
2023-05-17 11:42:42.969  INFO 28292 --- [main] o.h.e.t.j.p.i.JtaPlatformInitiator       : HHH000490: Using JtaPlatform implementation: [org.hibernate.engine.transaction.jta.platform.internal.NoJtaPlatform]
2023-05-17 11:42:42.995  INFO 28292 --- [main] j.LocalContainerEntityManagerFactoryBean : Initialized JPA EntityManagerFactory for persistence unit 'default'
2023-05-17 11:42:44.730  WARN 28292 --- [main] ConfigServletWebServerApplicationContext : Exception encountered during context initialization - cancelling refresh attempt: org.springframework.beans.factory.BeanCreationException: Error creating bean with name 'companyController' defined in file [C:\Users\sarthak.aggarwal\Downloads\CompanyServiceAndAdminClient\CompanyServiceAndAdminClient\target\classes\com\example\CompanyServiceAndAdminClient\controller\CompanyController.class]: Initialization of bean failed; nested exception is org.springframework.beans.factory.UnsatisfiedDependencyException: Error creating bean with name 'rateLimiterAspect' defined in class path resource [io/github/resilience4j/ratelimiter/autoconfigure/RateLimiterConfigurationOnMissingBean.class]: Unsatisfied dependency expressed through method 'rateLimiterAspect' parameter 0; nested exception is org.springframework.boot.context.properties.ConfigurationPropertiesBindException: Error creating bean with name 'resilience4j.ratelimiter-io.github.resilience4j.ratelimiter.autoconfigure.RateLimiterProperties': Could not bind properties to 'RateLimiterProperties' : prefix=resilience4j.ratelimiter, ignoreInvalidFields=false, ignoreUnknownFields=true; nested exception is org.springframework.boot.context.properties.bind.BindException: Failed to bind properties under 'resilience4j.ratelimiter.instances.timeout-duration' to io.github.resilience4j.common.ratelimiter.configuration.RateLimiterConfigurationProperties$InstanceProperties
2023-05-17 11:42:44.744  INFO 28292 --- [main] j.LocalContainerEntityManagerFactoryBean : Closing JPA EntityManagerFactory for persistence unit 'default'
2023-05-17 11:42:44.752  INFO 28292 --- [main] com.zaxxer.hikari.HikariDataSource       : product - Shutdown initiated...
2023-05-17 11:42:44.822  INFO 28292 --- [main] com.zaxxer.hikari.HikariDataSource       : product - Shutdown completed.
2023-05-17 11:42:44.828  INFO 28292 --- [main] o.apache.catalina.core.StandardService   : Stopping service [Tomcat]
2023-05-17 11:42:44.988  INFO 28292 --- [main] ConditionEvaluationReportLoggingListener : 

Error starting ApplicationContext. To display the conditions report re-run your application with 'debug' enabled.
2023-05-17 11:42:45.049 ERROR 28292 --- [main] o.s.b.d.LoggingFailureAnalysisReporter   : 

***************************
APPLICATION FAILED TO START
***************************

Description:

Failed to bind properties under 'resilience4j.ratelimiter.instances.timeout-duration' to io.github.resilience4j.common.ratelimiter.configuration.RateLimiterConfigurationProperties$InstanceProperties:

    Reason: org.springframework.core.convert.ConverterNotFoundException: No converter found capable of converting from type [java.lang.String] to type [io.github.resilience4j.common.ratelimiter.configuration.RateLimiterConfigurationProperties$InstanceProperties]

Action:

Update your application's configuration

2023-05-17 11:44:57.108  INFO 30680 --- [main] .CompanyServiceAndAdminClientApplication : Starting CompanyServiceAndAdminClientApplication using Java 17.0.7 on PS-LP-NOI-T00661 with PID 30680 (C:\Users\sarthak.aggarwal\Downloads\CompanyServiceAndAdminClient\CompanyServiceAndAdminClient\target\classes started by sarthak.aggarwal in C:\Users\sarthak.aggarwal\Downloads\CompanyServiceAndAdminClient\CompanyServiceAndAdminClient)
2023-05-17 11:44:57.120  INFO 30680 --- [main] .CompanyServiceAndAdminClientApplication : No active profile set, falling back to 1 default profile: "default"
2023-05-17 11:44:57.219  INFO 30680 --- [main] o.s.c.c.c.ConfigServerConfigDataLoader   : Fetching config from server at : http://localhost:8087
2023-05-17 11:44:57.221  INFO 30680 --- [main] o.s.c.c.c.ConfigServerConfigDataLoader   : Located environment: name=COMPANY-SERVICE, profiles=[default], label=null, version=2ffac8af20e25841d52a81f2ef98d785ab8c7a60, state=null
2023-05-17 11:45:00.273  INFO 30680 --- [main] .s.d.r.c.RepositoryConfigurationDelegate : Bootstrapping Spring Data JPA repositories in DEFAULT mode.
2023-05-17 11:45:00.707  INFO 30680 --- [main] .s.d.r.c.RepositoryConfigurationDelegate : Finished Spring Data repository scanning in 398 ms. Found 1 JPA repository interfaces.
2023-05-17 11:45:01.489  INFO 30680 --- [main] o.s.cloud.context.scope.GenericScope     : BeanFactory id=763695ae-fc80-304f-bb00-42f88379aceb
2023-05-17 11:45:03.897  INFO 30680 --- [main] o.s.b.w.embedded.tomcat.TomcatWebServer  : Tomcat initialized with port(s): 8084 (http)
2023-05-17 11:45:03.987  INFO 30680 --- [main] o.apache.catalina.core.StandardService   : Starting service [Tomcat]
2023-05-17 11:45:03.990  INFO 30680 --- [main] org.apache.catalina.core.StandardEngine  : Starting Servlet engine: [Apache Tomcat/9.0.74]
2023-05-17 11:45:04.661  INFO 30680 --- [main] o.a.c.c.C.[Tomcat].[localhost].[/]       : Initializing Spring embedded WebApplicationContext
2023-05-17 11:45:04.662  INFO 30680 --- [main] w.s.c.ServletWebServerApplicationContext : Root WebApplicationContext: initialization completed in 7431 ms
2023-05-17 11:45:06.317  INFO 30680 --- [main] o.hibernate.jpa.internal.util.LogHelper  : HHH000204: Processing PersistenceUnitInfo [name: default]
2023-05-17 11:45:06.535  INFO 30680 --- [main] org.hibernate.Version                    : HHH000412: Hibernate ORM core version 5.6.15.Final
2023-05-17 11:45:07.287  INFO 30680 --- [main] o.hibernate.annotations.common.Version   : HCANN000001: Hibernate Commons Annotations {5.1.2.Final}
2023-05-17 11:45:07.716  INFO 30680 --- [main] com.zaxxer.hikari.HikariDataSource       : product - Starting...
2023-05-17 11:45:08.832  INFO 30680 --- [main] com.zaxxer.hikari.HikariDataSource       : product - Start completed.
2023-05-17 11:45:08.910  INFO 30680 --- [main] org.hibernate.dialect.Dialect            : HHH000400: Using dialect: org.hibernate.dialect.MySQL5Dialect
2023-05-17 11:45:10.726  INFO 30680 --- [main] o.h.e.t.j.p.i.JtaPlatformInitiator       : HHH000490: Using JtaPlatform implementation: [org.hibernate.engine.transaction.jta.platform.internal.NoJtaPlatform]
2023-05-17 11:45:10.746  INFO 30680 --- [main] j.LocalContainerEntityManagerFactoryBean : Initialized JPA EntityManagerFactory for persistence unit 'default'
2023-05-17 11:45:13.098  WARN 30680 --- [main] JpaBaseConfiguration$JpaWebConfiguration : spring.jpa.open-in-view is enabled by default. Therefore, database queries may be performed during view rendering. Explicitly configure spring.jpa.open-in-view to disable this warning
2023-05-17 11:45:19.288  INFO 30680 --- [main] DiscoveryClientOptionalArgsConfiguration : Eureka HTTP Client uses RestTemplate.
2023-05-17 11:45:19.762  WARN 30680 --- [main] iguration$LoadBalancerCaffeineWarnLogger : Spring Cloud LoadBalancer is currently working with the default cache. While this cache implementation is useful for development and tests, it's recommended to use Caffeine cache in production.You can switch to using Caffeine cache, by adding it and org.springframework.cache.caffeine.CaffeineCacheManager to the classpath.
2023-05-17 11:45:19.849  INFO 30680 --- [main] o.s.b.a.e.web.EndpointLinksResolver      : Exposing 27 endpoint(s) beneath base path '/actuator'
2023-05-17 11:45:20.234  INFO 30680 --- [main] o.s.c.n.eureka.InstanceInfoFactory       : Setting initial instance status as: STARTING
2023-05-17 11:45:20.393  INFO 30680 --- [main] com.netflix.discovery.DiscoveryClient    : Initializing Eureka in region us-east-1
2023-05-17 11:45:20.407  INFO 30680 --- [main] c.n.d.s.r.aws.ConfigClusterResolver      : Resolving eureka endpoints via configuration
2023-05-17 11:45:20.486  INFO 30680 --- [main] com.netflix.discovery.DiscoveryClient    : Disable delta property : false
2023-05-17 11:45:20.488  INFO 30680 --- [main] com.netflix.discovery.DiscoveryClient    : Single vip registry refresh property : null
2023-05-17 11:45:20.494  INFO 30680 --- [main] com.netflix.discovery.DiscoveryClient    : Force full registry fetch : false
2023-05-17 11:45:20.501  INFO 30680 --- [main] com.netflix.discovery.DiscoveryClient    : Application is null : false
2023-05-17 11:45:20.507  INFO 30680 --- [main] com.netflix.discovery.DiscoveryClient    : Registered Applications size is zero : true
2023-05-17 11:45:20.513  INFO 30680 --- [main] com.netflix.discovery.DiscoveryClient    : Application version is -1: true
2023-05-17 11:45:20.566  INFO 30680 --- [main] com.netflix.discovery.DiscoveryClient    : Getting all instance registry info from the eureka server
2023-05-17 11:45:20.911  INFO 30680 --- [main] com.netflix.discovery.DiscoveryClient    : The response status is 200
2023-05-17 11:45:20.921  INFO 30680 --- [main] com.netflix.discovery.DiscoveryClient    : Starting heartbeat executor: renew interval is: 30
2023-05-17 11:45:20.935  INFO 30680 --- [main] c.n.discovery.InstanceInfoReplicator     : InstanceInfoReplicator onDemand update allowed rate per min is 4
2023-05-17 11:45:20.961  INFO 30680 --- [main] com.netflix.discovery.DiscoveryClient    : Discovery Client initialized at timestamp 1684304120947 with initial instances count: 5
2023-05-17 11:45:21.010  INFO 30680 --- [main] o.s.c.n.e.s.EurekaServiceRegistry        : Registering application COMPANY-SERVICE with eureka with status UP
2023-05-17 11:45:21.024  INFO 30680 --- [main] com.netflix.discovery.DiscoveryClient    : Saw local status change event StatusChangeEvent [timestamp=1684304121024, current=UP, previous=STARTING]
2023-05-17 11:45:21.036  INFO 30680 --- [DiscoveryClient-InstanceInfoReplicator-0] com.netflix.discovery.DiscoveryClient    : DiscoveryClient_COMPANY-SERVICE/192.168.3.216:COMPANY-SERVICE:8084: registering service...
2023-05-17 11:45:21.189  INFO 30680 --- [DiscoveryClient-InstanceInfoReplicator-0] com.netflix.discovery.DiscoveryClient    : DiscoveryClient_COMPANY-SERVICE/192.168.3.216:COMPANY-SERVICE:8084 - registration status: 204
2023-05-17 11:45:21.134  INFO 30680 --- [main] o.s.b.w.embedded.tomcat.TomcatWebServer  : Tomcat started on port(s): 8084 (http) with context path ''
2023-05-17 11:45:21.211  INFO 30680 --- [main] .s.c.n.e.s.EurekaAutoServiceRegistration : Updating port to 8084
2023-05-17 11:45:21.445  INFO 30680 --- [RMI TCP Connection(1)-127.0.0.1] o.a.c.c.C.[Tomcat].[localhost].[/]       : Initializing Spring DispatcherServlet 'dispatcherServlet'
2023-05-17 11:45:21.446  INFO 30680 --- [RMI TCP Connection(1)-127.0.0.1] o.s.web.servlet.DispatcherServlet        : Initializing Servlet 'dispatcherServlet'
2023-05-17 11:45:21.451  INFO 30680 --- [RMI TCP Connection(1)-127.0.0.1] o.s.web.servlet.DispatcherServlet        : Completed initialization in 4 ms
2023-05-17 11:45:21.842  INFO 30680 --- [main] .CompanyServiceAndAdminClientApplication : Started CompanyServiceAndAdminClientApplication in 28.383 seconds (JVM running for 29.58)
2023-05-17 11:45:21.892  WARN 30680 --- [registrationTask1] d.c.b.a.c.r.ApplicationRegistrator       : Failed to register application as Application(name=COMPANY-SERVICE, managementUrl=http://192.168.3.216:8084/actuator, healthUrl=http://192.168.3.216:8084/actuator/health, serviceUrl=http://192.168.3.216:8084/) at spring-boot-admin ([http://localhost:8082/instances]): I/O error on POST request for "http://localhost:8082/instances": Connect to localhost:8082 [localhost/127.0.0.1, localhost/0:0:0:0:0:0:0:1] failed: Connection refused: no further information; nested exception is org.apache.http.conn.HttpHostConnectException: Connect to localhost:8082 [localhost/127.0.0.1, localhost/0:0:0:0:0:0:0:1] failed: Connection refused: no further information. Further attempts are logged on DEBUG level
2023-05-17 11:45:31.792  INFO 30680 --- [http-nio-8084-exec-6] c.e.C.controller.CompanyController       : Get Single User Handler: CompanyController
2023-05-17 11:45:32.577  INFO 30680 --- [http-nio-8084-exec-6] c.e.C.controller.CompanyController       : Fallback is executed because service is down: 
2023-05-17 11:45:32.589  INFO 30680 --- [http-nio-8084-exec-6] c.e.C.controller.CompanyController       : Retry Count: 1 
2023-05-17 11:46:07.402  INFO 17140 --- [main] .CompanyServiceAndAdminClientApplication : Starting CompanyServiceAndAdminClientApplication using Java 17.0.7 on PS-LP-NOI-T00661 with PID 17140 (C:\Users\sarthak.aggarwal\Downloads\CompanyServiceAndAdminClient\CompanyServiceAndAdminClient\target\classes started by sarthak.aggarwal in C:\Users\sarthak.aggarwal\Downloads\CompanyServiceAndAdminClient\CompanyServiceAndAdminClient)
2023-05-17 11:46:07.412  INFO 17140 --- [main] .CompanyServiceAndAdminClientApplication : No active profile set, falling back to 1 default profile: "default"
2023-05-17 11:46:07.510  INFO 17140 --- [main] o.s.c.c.c.ConfigServerConfigDataLoader   : Fetching config from server at : http://localhost:8087
2023-05-17 11:46:07.512  INFO 17140 --- [main] o.s.c.c.c.ConfigServerConfigDataLoader   : Located environment: name=COMPANY-SERVICE, profiles=[default], label=null, version=2ffac8af20e25841d52a81f2ef98d785ab8c7a60, state=null
2023-05-17 11:46:10.115  INFO 17140 --- [main] .s.d.r.c.RepositoryConfigurationDelegate : Bootstrapping Spring Data JPA repositories in DEFAULT mode.
2023-05-17 11:46:10.541  INFO 17140 --- [main] .s.d.r.c.RepositoryConfigurationDelegate : Finished Spring Data repository scanning in 386 ms. Found 1 JPA repository interfaces.
2023-05-17 11:46:11.300  INFO 17140 --- [main] o.s.cloud.context.scope.GenericScope     : BeanFactory id=763695ae-fc80-304f-bb00-42f88379aceb
2023-05-17 11:46:13.082  INFO 17140 --- [main] o.s.b.w.embedded.tomcat.TomcatWebServer  : Tomcat initialized with port(s): 8084 (http)
2023-05-17 11:46:13.113  INFO 17140 --- [main] o.apache.catalina.core.StandardService   : Starting service [Tomcat]
2023-05-17 11:46:13.114  INFO 17140 --- [main] org.apache.catalina.core.StandardEngine  : Starting Servlet engine: [Apache Tomcat/9.0.74]
2023-05-17 11:46:13.628  INFO 17140 --- [main] o.a.c.c.C.[Tomcat].[localhost].[/]       : Initializing Spring embedded WebApplicationContext
2023-05-17 11:46:13.629  INFO 17140 --- [main] w.s.c.ServletWebServerApplicationContext : Root WebApplicationContext: initialization completed in 6112 ms
2023-05-17 11:46:15.284  INFO 17140 --- [main] o.hibernate.jpa.internal.util.LogHelper  : HHH000204: Processing PersistenceUnitInfo [name: default]
2023-05-17 11:46:15.509  INFO 17140 --- [main] org.hibernate.Version                    : HHH000412: Hibernate ORM core version 5.6.15.Final
2023-05-17 11:46:15.939  INFO 17140 --- [main] o.hibernate.annotations.common.Version   : HCANN000001: Hibernate Commons Annotations {5.1.2.Final}
2023-05-17 11:46:16.186  INFO 17140 --- [main] com.zaxxer.hikari.HikariDataSource       : product - Starting...
2023-05-17 11:46:17.019  INFO 17140 --- [main] com.zaxxer.hikari.HikariDataSource       : product - Start completed.
2023-05-17 11:46:17.064  INFO 17140 --- [main] org.hibernate.dialect.Dialect            : HHH000400: Using dialect: org.hibernate.dialect.MySQL5Dialect
2023-05-17 11:46:18.768  INFO 17140 --- [main] o.h.e.t.j.p.i.JtaPlatformInitiator       : HHH000490: Using JtaPlatform implementation: [org.hibernate.engine.transaction.jta.platform.internal.NoJtaPlatform]
2023-05-17 11:46:18.792  INFO 17140 --- [main] j.LocalContainerEntityManagerFactoryBean : Initialized JPA EntityManagerFactory for persistence unit 'default'
2023-05-17 11:46:21.225  WARN 17140 --- [main] JpaBaseConfiguration$JpaWebConfiguration : spring.jpa.open-in-view is enabled by default. Therefore, database queries may be performed during view rendering. Explicitly configure spring.jpa.open-in-view to disable this warning
2023-05-17 11:46:26.073  INFO 17140 --- [main] DiscoveryClientOptionalArgsConfiguration : Eureka HTTP Client uses RestTemplate.
2023-05-17 11:46:26.326  WARN 17140 --- [main] iguration$LoadBalancerCaffeineWarnLogger : Spring Cloud LoadBalancer is currently working with the default cache. While this cache implementation is useful for development and tests, it's recommended to use Caffeine cache in production.You can switch to using Caffeine cache, by adding it and org.springframework.cache.caffeine.CaffeineCacheManager to the classpath.
2023-05-17 11:46:26.356  INFO 17140 --- [main] o.s.b.a.e.web.EndpointLinksResolver      : Exposing 27 endpoint(s) beneath base path '/actuator'
2023-05-17 11:46:26.560  INFO 17140 --- [main] o.s.c.n.eureka.InstanceInfoFactory       : Setting initial instance status as: STARTING
2023-05-17 11:46:26.669  INFO 17140 --- [main] com.netflix.discovery.DiscoveryClient    : Initializing Eureka in region us-east-1
2023-05-17 11:46:26.682  INFO 17140 --- [main] c.n.d.s.r.aws.ConfigClusterResolver      : Resolving eureka endpoints via configuration
2023-05-17 11:46:26.739  INFO 17140 --- [main] com.netflix.discovery.DiscoveryClient    : Disable delta property : false
2023-05-17 11:46:26.741  INFO 17140 --- [main] com.netflix.discovery.DiscoveryClient    : Single vip registry refresh property : null
2023-05-17 11:46:26.742  INFO 17140 --- [main] com.netflix.discovery.DiscoveryClient    : Force full registry fetch : false
2023-05-17 11:46:26.744  INFO 17140 --- [main] com.netflix.discovery.DiscoveryClient    : Application is null : false
2023-05-17 11:46:26.745  INFO 17140 --- [main] com.netflix.discovery.DiscoveryClient    : Registered Applications size is zero : true
2023-05-17 11:46:26.747  INFO 17140 --- [main] com.netflix.discovery.DiscoveryClient    : Application version is -1: true
2023-05-17 11:46:26.748  INFO 17140 --- [main] com.netflix.discovery.DiscoveryClient    : Getting all instance registry info from the eureka server
2023-05-17 11:46:27.000  INFO 17140 --- [main] com.netflix.discovery.DiscoveryClient    : The response status is 200
2023-05-17 11:46:27.008  INFO 17140 --- [main] com.netflix.discovery.DiscoveryClient    : Starting heartbeat executor: renew interval is: 30
2023-05-17 11:46:27.014  INFO 17140 --- [main] c.n.discovery.InstanceInfoReplicator     : InstanceInfoReplicator onDemand update allowed rate per min is 4
2023-05-17 11:46:27.026  INFO 17140 --- [main] com.netflix.discovery.DiscoveryClient    : Discovery Client initialized at timestamp 1684304187025 with initial instances count: 6
2023-05-17 11:46:27.061  INFO 17140 --- [main] o.s.c.n.e.s.EurekaServiceRegistry        : Registering application COMPANY-SERVICE with eureka with status UP
2023-05-17 11:46:27.063  INFO 17140 --- [main] com.netflix.discovery.DiscoveryClient    : Saw local status change event StatusChangeEvent [timestamp=1684304187063, current=UP, previous=STARTING]
2023-05-17 11:46:27.076  INFO 17140 --- [DiscoveryClient-InstanceInfoReplicator-0] com.netflix.discovery.DiscoveryClient    : DiscoveryClient_COMPANY-SERVICE/192.168.3.216:COMPANY-SERVICE:8084: registering service...
2023-05-17 11:46:27.163  INFO 17140 --- [main] o.s.b.w.embedded.tomcat.TomcatWebServer  : Tomcat started on port(s): 8084 (http) with context path ''
2023-05-17 11:46:27.166  INFO 17140 --- [main] .s.c.n.e.s.EurekaAutoServiceRegistration : Updating port to 8084
2023-05-17 11:46:27.176  INFO 17140 --- [DiscoveryClient-InstanceInfoReplicator-0] com.netflix.discovery.DiscoveryClient    : DiscoveryClient_COMPANY-SERVICE/192.168.3.216:COMPANY-SERVICE:8084 - registration status: 204
2023-05-17 11:46:27.694  INFO 17140 --- [RMI TCP Connection(1)-127.0.0.1] o.a.c.c.C.[Tomcat].[localhost].[/]       : Initializing Spring DispatcherServlet 'dispatcherServlet'
2023-05-17 11:46:27.696  INFO 17140 --- [RMI TCP Connection(1)-127.0.0.1] o.s.web.servlet.DispatcherServlet        : Initializing Servlet 'dispatcherServlet'
2023-05-17 11:46:27.700  INFO 17140 --- [RMI TCP Connection(1)-127.0.0.1] o.s.web.servlet.DispatcherServlet        : Completed initialization in 4 ms
2023-05-17 11:46:27.773  INFO 17140 --- [main] .CompanyServiceAndAdminClientApplication : Started CompanyServiceAndAdminClientApplication in 25.183 seconds (JVM running for 26.28)
2023-05-17 11:46:27.863  WARN 17140 --- [registrationTask1] d.c.b.a.c.r.ApplicationRegistrator       : Failed to register application as Application(name=COMPANY-SERVICE, managementUrl=http://192.168.3.216:8084/actuator, healthUrl=http://192.168.3.216:8084/actuator/health, serviceUrl=http://192.168.3.216:8084/) at spring-boot-admin ([http://localhost:8082/instances]): I/O error on POST request for "http://localhost:8082/instances": Connect to localhost:8082 [localhost/127.0.0.1, localhost/0:0:0:0:0:0:0:1] failed: Connection refused: no further information; nested exception is org.apache.http.conn.HttpHostConnectException: Connect to localhost:8082 [localhost/127.0.0.1, localhost/0:0:0:0:0:0:0:1] failed: Connection refused: no further information. Further attempts are logged on DEBUG level
2023-05-17 11:46:33.013  INFO 17140 --- [http-nio-8084-exec-2] c.e.C.controller.CompanyController       : Get Single User Handler: CompanyController
2023-05-17 11:46:33.661  INFO 17140 --- [http-nio-8084-exec-2] c.e.C.controller.CompanyController       : Fallback is executed because service is down: 
2023-05-17 11:46:33.662  INFO 17140 --- [http-nio-8084-exec-2] c.e.C.controller.CompanyController       : Retry Count: 1 
2023-05-17 11:46:42.962  INFO 17140 --- [http-nio-8084-exec-3] c.e.C.controller.CompanyController       : Get Single User Handler: CompanyController
2023-05-17 11:46:42.976  INFO 17140 --- [http-nio-8084-exec-3] c.e.C.controller.CompanyController       : Fallback is executed because service is down: 
2023-05-17 11:46:42.978  INFO 17140 --- [http-nio-8084-exec-3] c.e.C.controller.CompanyController       : Retry Count: 2 
2023-05-17 11:46:59.262  INFO 17140 --- [http-nio-8084-exec-4] c.e.C.controller.CompanyController       : Get Single User Handler: CompanyController
2023-05-17 11:46:59.273  INFO 17140 --- [http-nio-8084-exec-4] c.e.C.controller.CompanyController       : Fallback is executed because service is down: 
2023-05-17 11:46:59.274  INFO 17140 --- [http-nio-8084-exec-4] c.e.C.controller.CompanyController       : Retry Count: 3 
